2025-09-16 20:46:44 | INFO | {'message': 'I just tried a story! It was amazing.', 'author': 'Bob'}
2025-09-16 20:46:44 | INFO | Processed JSON message: {'message': 'I just tried a story! It was amazing.', 'author': 'Bob'}
2025-09-16 20:46:44 | INFO | Message received from author: Bob
2025-09-16 20:46:44 | INFO | Updated author counts: {'Charlie': 21, 'Eve': 15, 'Alice': 15, 'Bob': 16}
2025-09-16 20:46:44 | INFO | Chart updated successfully for message: {"message": "I just tried a story! It was amazing.", "author": "Bob"}

2025-09-16 20:46:47 | INFO | {'message': 'I just loved an app! It was boring.', 'author': 'Eve'}
2025-09-16 20:46:47 | INFO | Processed JSON message: {'message': 'I just loved an app! It was boring.', 'author': 'Eve'}
2025-09-16 20:46:47 | INFO | Message received from author: Eve
2025-09-16 20:46:47 | INFO | Updated author counts: {'Charlie': 21, 'Eve': 16, 'Alice': 15, 'Bob': 16}
2025-09-16 20:46:47 | INFO | Chart updated successfully for message: {"message": "I just loved an app! It was boring.", "author": "Eve"}

2025-09-16 20:46:50 | INFO | {'message': 'I just saw a story! It was boring.', 'author': 'Alice'}
2025-09-16 20:46:50 | INFO | Processed JSON message: {'message': 'I just saw a story! It was boring.', 'author': 'Alice'}
2025-09-16 20:46:50 | INFO | Message received from author: Alice
2025-09-16 20:46:50 | INFO | Updated author counts: {'Charlie': 21, 'Eve': 16, 'Alice': 16, 'Bob': 16}
2025-09-16 20:46:50 | INFO | Chart updated successfully for message: {"message": "I just saw a story! It was boring.", "author": "Alice"}

2025-09-16 20:46:53 | INFO | {'message': 'I just shared a trick! It was exciting.', 'author': 'Charlie'}
2025-09-16 20:46:53 | INFO | Processed JSON message: {'message': 'I just shared a trick! It was exciting.', 'author': 'Charlie'}
2025-09-16 20:46:53 | INFO | Message received from author: Charlie
2025-09-16 20:46:53 | INFO | Updated author counts: {'Charlie': 22, 'Eve': 16, 'Alice': 16, 'Bob': 16}
2025-09-16 20:46:53 | INFO | Chart updated successfully for message: {"message": "I just shared a trick! It was exciting.", "author": "Charlie"}

2025-09-16 20:46:56 | INFO | {'message': 'I just tried an app! It was weird.', 'author': 'Bob'}
2025-09-16 20:46:56 | INFO | Processed JSON message: {'message': 'I just tried an app! It was weird.', 'author': 'Bob'}
2025-09-16 20:46:56 | INFO | Message received from author: Bob
2025-09-16 20:46:56 | INFO | Updated author counts: {'Charlie': 22, 'Eve': 16, 'Alice': 16, 'Bob': 17}
2025-09-16 20:46:56 | INFO | Chart updated successfully for message: {"message": "I just tried an app! It was weird.", "author": "Bob"}

2025-09-16 20:46:59 | INFO | {'message': 'I just saw an app! It was boring.', 'author': 'Charlie'}
2025-09-16 20:46:59 | INFO | Processed JSON message: {'message': 'I just saw an app! It was boring.', 'author': 'Charlie'}
2025-09-16 20:46:59 | INFO | Message received from author: Charlie
2025-09-16 20:46:59 | INFO | Updated author counts: {'Charlie': 23, 'Eve': 16, 'Alice': 16, 'Bob': 17}
2025-09-16 20:46:59 | INFO | Chart updated successfully for message: {"message": "I just saw an app! It was boring.", "author": "Charlie"}

2025-09-16 20:47:02 | INFO | {'message': 'I just tried a movie! It was funny.', 'author': 'Alice'}
2025-09-16 20:47:02 | INFO | Processed JSON message: {'message': 'I just tried a movie! It was funny.', 'author': 'Alice'}
2025-09-16 20:47:02 | INFO | Message received from author: Alice
2025-09-16 20:47:02 | INFO | Updated author counts: {'Charlie': 23, 'Eve': 16, 'Alice': 17, 'Bob': 17}
2025-09-16 20:47:02 | INFO | Chart updated successfully for message: {"message": "I just tried a movie! It was funny.", "author": "Alice"}

2025-09-16 20:47:05 | INFO | {'message': 'I just found an app! It was boring.', 'author': 'Alice'}
2025-09-16 20:47:05 | INFO | Processed JSON message: {'message': 'I just found an app! It was boring.', 'author': 'Alice'}
2025-09-16 20:47:05 | INFO | Message received from author: Alice
2025-09-16 20:47:05 | INFO | Updated author counts: {'Charlie': 23, 'Eve': 16, 'Alice': 18, 'Bob': 17}
2025-09-16 20:47:05 | INFO | Chart updated successfully for message: {"message": "I just found an app! It was boring.", "author": "Alice"}

2025-09-16 20:47:08 | INFO | {'message': 'I just loved a story! It was weird.', 'author': 'Bob'}
2025-09-16 20:47:08 | INFO | Processed JSON message: {'message': 'I just loved a story! It was weird.', 'author': 'Bob'}
2025-09-16 20:47:08 | INFO | Message received from author: Bob
2025-09-16 20:47:08 | INFO | Updated author counts: {'Charlie': 23, 'Eve': 16, 'Alice': 18, 'Bob': 18}
2025-09-16 20:47:08 | INFO | Chart updated successfully for message: {"message": "I just loved a story! It was weird.", "author": "Bob"}

2025-09-16 20:47:11 | INFO | {'message': 'I just shared a trick! It was exciting.', 'author': 'Eve'}
2025-09-16 20:47:11 | INFO | Processed JSON message: {'message': 'I just shared a trick! It was exciting.', 'author': 'Eve'}
2025-09-16 20:47:11 | INFO | Message received from author: Eve
2025-09-16 20:47:11 | INFO | Updated author counts: {'Charlie': 23, 'Eve': 17, 'Alice': 18, 'Bob': 18}
2025-09-16 20:47:11 | INFO | Chart updated successfully for message: {"message": "I just shared a trick! It was exciting.", "author": "Eve"}

2025-09-16 20:47:14 | INFO | {'message': 'I just tried a meme! It was weird.', 'author': 'Charlie'}
2025-09-16 20:47:14 | INFO | Processed JSON message: {'message': 'I just tried a meme! It was weird.', 'author': 'Charlie'}
2025-09-16 20:47:14 | INFO | Message received from author: Charlie
2025-09-16 20:47:14 | INFO | Updated author counts: {'Charlie': 24, 'Eve': 17, 'Alice': 18, 'Bob': 18}
2025-09-16 20:47:14 | INFO | Chart updated successfully for message: {"message": "I just tried a meme! It was weird.", "author": "Charlie"}

2025-09-16 20:47:17 | INFO | {'message': 'I just shared a story! It was weird.', 'author': 'Eve'}
2025-09-16 20:47:17 | INFO | Processed JSON message: {'message': 'I just shared a story! It was weird.', 'author': 'Eve'}
2025-09-16 20:47:17 | INFO | Message received from author: Eve
2025-09-16 20:47:17 | INFO | Updated author counts: {'Charlie': 24, 'Eve': 18, 'Alice': 18, 'Bob': 18}
2025-09-16 20:47:17 | INFO | Chart updated successfully for message: {"message": "I just shared a story! It was weird.", "author": "Eve"}

2025-09-16 20:47:20 | INFO | {'message': 'I just saw a meme! It was weird.', 'author': 'Alice'}
2025-09-16 20:47:20 | INFO | Processed JSON message: {'message': 'I just saw a meme! It was weird.', 'author': 'Alice'}
2025-09-16 20:47:20 | INFO | Message received from author: Alice
2025-09-16 20:47:20 | INFO | Updated author counts: {'Charlie': 24, 'Eve': 18, 'Alice': 19, 'Bob': 18}
2025-09-16 20:47:20 | INFO | Chart updated successfully for message: {"message": "I just saw a meme! It was weird.", "author": "Alice"}

2025-09-16 20:47:23 | INFO | {'message': 'I just saw a story! It was weird.', 'author': 'Alice'}
2025-09-16 20:47:23 | INFO | Processed JSON message: {'message': 'I just saw a story! It was weird.', 'author': 'Alice'}
2025-09-16 20:47:23 | INFO | Message received from author: Alice
2025-09-16 20:47:23 | INFO | Updated author counts: {'Charlie': 24, 'Eve': 18, 'Alice': 20, 'Bob': 18}
2025-09-16 20:47:23 | INFO | Chart updated successfully for message: {"message": "I just saw a story! It was weird.", "author": "Alice"}

2025-09-16 20:47:26 | INFO | {'message': 'I just saw a movie! It was weird.', 'author': 'Alice'}
2025-09-16 20:47:26 | INFO | Processed JSON message: {'message': 'I just saw a movie! It was weird.', 'author': 'Alice'}
2025-09-16 20:47:26 | INFO | Message received from author: Alice
2025-09-16 20:47:26 | INFO | Updated author counts: {'Charlie': 24, 'Eve': 18, 'Alice': 21, 'Bob': 18}
2025-09-16 20:47:26 | INFO | Chart updated successfully for message: {"message": "I just saw a movie! It was weird.", "author": "Alice"}

2025-09-16 20:47:29 | INFO | {'message': 'I just loved a meme! It was boring.', 'author': 'Alice'}
2025-09-16 20:47:29 | INFO | Processed JSON message: {'message': 'I just loved a meme! It was boring.', 'author': 'Alice'}
2025-09-16 20:47:29 | INFO | Message received from author: Alice
2025-09-16 20:47:29 | INFO | Updated author counts: {'Charlie': 24, 'Eve': 18, 'Alice': 22, 'Bob': 18}
2025-09-16 20:47:29 | INFO | Chart updated successfully for message: {"message": "I just loved a meme! It was boring.", "author": "Alice"}

2025-09-16 20:47:32 | INFO | {'message': 'I just tried a meme! It was exciting.', 'author': 'Bob'}
2025-09-16 20:47:32 | INFO | Processed JSON message: {'message': 'I just tried a meme! It was exciting.', 'author': 'Bob'}
2025-09-16 20:47:32 | INFO | Message received from author: Bob
2025-09-16 20:47:32 | INFO | Updated author counts: {'Charlie': 24, 'Eve': 18, 'Alice': 22, 'Bob': 19}
2025-09-16 20:47:32 | INFO | Chart updated successfully for message: {"message": "I just tried a meme! It was exciting.", "author": "Bob"}

2025-09-16 20:47:35 | INFO | {'message': 'I just found a movie! It was amazing.', 'author': 'Eve'}
2025-09-16 20:47:35 | INFO | Processed JSON message: {'message': 'I just found a movie! It was amazing.', 'author': 'Eve'}
2025-09-16 20:47:35 | INFO | Message received from author: Eve
2025-09-16 20:47:35 | INFO | Updated author counts: {'Charlie': 24, 'Eve': 19, 'Alice': 22, 'Bob': 19}
2025-09-16 20:47:35 | INFO | Chart updated successfully for message: {"message": "I just found a movie! It was amazing.", "author": "Eve"}

2025-09-16 20:47:38 | INFO | {'message': 'I just shared a trick! It was amazing.', 'author': 'Eve'}
2025-09-16 20:47:38 | INFO | Processed JSON message: {'message': 'I just shared a trick! It was amazing.', 'author': 'Eve'}
2025-09-16 20:47:38 | INFO | Message received from author: Eve
2025-09-16 20:47:38 | INFO | Updated author counts: {'Charlie': 24, 'Eve': 20, 'Alice': 22, 'Bob': 19}
2025-09-16 20:47:38 | INFO | Chart updated successfully for message: {"message": "I just shared a trick! It was amazing.", "author": "Eve"}

2025-09-16 20:47:41 | INFO | {'message': 'I just loved a meme! It was weird.', 'author': 'Charlie'}
2025-09-16 20:47:41 | INFO | Processed JSON message: {'message': 'I just loved a meme! It was weird.', 'author': 'Charlie'}
2025-09-16 20:47:41 | INFO | Message received from author: Charlie
2025-09-16 20:47:41 | INFO | Updated author counts: {'Charlie': 25, 'Eve': 20, 'Alice': 22, 'Bob': 19}
2025-09-16 20:47:41 | INFO | Chart updated successfully for message: {"message": "I just loved a meme! It was weird.", "author": "Charlie"}

2025-09-16 20:47:44 | INFO | {'message': 'I just saw an app! It was weird.', 'author': 'Bob'}
2025-09-16 20:47:44 | INFO | Processed JSON message: {'message': 'I just saw an app! It was weird.', 'author': 'Bob'}
2025-09-16 20:47:44 | INFO | Message received from author: Bob
2025-09-16 20:47:44 | INFO | Updated author counts: {'Charlie': 25, 'Eve': 20, 'Alice': 22, 'Bob': 20}
2025-09-16 20:47:44 | INFO | Chart updated successfully for message: {"message": "I just saw an app! It was weird.", "author": "Bob"}

2025-09-16 20:47:47 | INFO | {'message': 'I just tried a movie! It was funny.', 'author': 'Alice'}
2025-09-16 20:47:47 | INFO | Processed JSON message: {'message': 'I just tried a movie! It was funny.', 'author': 'Alice'}
2025-09-16 20:47:47 | INFO | Message received from author: Alice
2025-09-16 20:47:47 | INFO | Updated author counts: {'Charlie': 25, 'Eve': 20, 'Alice': 23, 'Bob': 20}
2025-09-16 20:47:47 | INFO | Chart updated successfully for message: {"message": "I just tried a movie! It was funny.", "author": "Alice"}

2025-09-16 20:47:50 | INFO | {'message': 'I just shared a meme! It was exciting.', 'author': 'Charlie'}
2025-09-16 20:47:50 | INFO | Processed JSON message: {'message': 'I just shared a meme! It was exciting.', 'author': 'Charlie'}
2025-09-16 20:47:50 | INFO | Message received from author: Charlie
2025-09-16 20:47:50 | INFO | Updated author counts: {'Charlie': 26, 'Eve': 20, 'Alice': 23, 'Bob': 20}
2025-09-16 20:47:50 | INFO | Chart updated successfully for message: {"message": "I just shared a meme! It was exciting.", "author": "Charlie"}

2025-09-16 20:47:53 | INFO | {'message': 'I just tried a meme! It was weird.', 'author': 'Alice'}
2025-09-16 20:47:53 | INFO | Processed JSON message: {'message': 'I just tried a meme! It was weird.', 'author': 'Alice'}
2025-09-16 20:47:53 | INFO | Message received from author: Alice
2025-09-16 20:47:53 | INFO | Updated author counts: {'Charlie': 26, 'Eve': 20, 'Alice': 24, 'Bob': 20}
2025-09-16 20:47:53 | INFO | Chart updated successfully for message: {"message": "I just tried a meme! It was weird.", "author": "Alice"}

2025-09-16 20:47:55 | INFO | Consumer interrupted by user.
2025-09-16 20:47:56 | INFO | {'message': 'I just loved a trick! It was exciting.', 'author': 'Bob'}
2025-09-16 20:47:59 | WARNING | Producer interrupted by user.
2025-09-16 20:47:59 | INFO | Producer shutting down.
2025-09-16 20:57:31 | INFO | Logging to file: logs/project_log.log
2025-09-16 20:57:31 | INFO | Log sanitization enabled, personal info removed
2025-09-16 20:57:31 | INFO | Project root: PROJECT_ROOT
2025-09-16 20:57:31 | INFO | Data folder: PROJECT_ROOT/data
2025-09-16 20:57:31 | INFO | Data file: PROJECT_ROOT/data/buzz_live.json
2025-09-16 20:57:31 | INFO | START producer...
2025-09-16 20:57:31 | INFO | Hit CTRL c (or CMD c) to close.
2025-09-16 20:57:31 | INFO | Message interval: 3 seconds
2025-09-16 20:57:31 | INFO | {'message': 'I just shared a movie! It was weird.', 'author': 'Eve'}
2025-09-16 20:57:34 | INFO | {'message': 'I just tried a trick! It was exciting.', 'author': 'Charlie'}
2025-09-16 20:57:37 | INFO | {'message': 'I just saw an app! It was boring.', 'author': 'Bob'}
2025-09-16 20:57:40 | INFO | {'message': 'I just tried a story! It was boring.', 'author': 'Alice'}
2025-09-16 20:57:43 | INFO | {'message': 'I just saw an app! It was funny.', 'author': 'Alice'}
2025-09-16 20:57:46 | INFO | {'message': 'I just shared a trick! It was amazing.', 'author': 'Eve'}
2025-09-16 20:57:49 | INFO | {'message': 'I just found a meme! It was exciting.', 'author': 'Charlie'}
2025-09-16 20:57:52 | INFO | {'message': 'I just found a meme! It was funny.', 'author': 'Eve'}
2025-09-16 20:57:55 | WARNING | Producer interrupted by user.
2025-09-16 20:57:55 | INFO | Producer shutting down.
2025-09-16 20:58:15 | INFO | Logging to file: logs/project_log.log
2025-09-16 20:58:15 | INFO | Log sanitization enabled, personal info removed
2025-09-16 20:58:15 | INFO | Project root: PROJECT_ROOT
2025-09-16 20:58:15 | INFO | Data folder: PROJECT_ROOT/data
2025-09-16 20:58:15 | INFO | Data file: PROJECT_ROOT/data/buzz_live.json
2025-09-16 20:58:15 | INFO | START producer...
2025-09-16 20:58:15 | INFO | Hit CTRL c (or CMD c) to close.
2025-09-16 20:58:15 | INFO | Message interval: 3 seconds
2025-09-16 20:58:15 | INFO | {'message': 'I just tried a meme! It was boring.', 'author': 'Alice'}
2025-09-16 20:58:18 | INFO | {'message': 'I just loved an app! It was weird.', 'author': 'Alice'}
2025-09-16 20:58:21 | INFO | {'message': 'I just loved a story! It was amazing.', 'author': 'Charlie'}
2025-09-16 20:58:24 | INFO | {'message': 'I just saw a story! It was amazing.', 'author': 'Charlie'}
2025-09-16 20:58:27 | INFO | {'message': 'I just tried a story! It was boring.', 'author': 'Alice'}
2025-09-16 20:58:30 | INFO | {'message': 'I just loved a trick! It was boring.', 'author': 'Bob'}
2025-09-16 20:58:33 | INFO | {'message': 'I just loved an app! It was funny.', 'author': 'Alice'}
2025-09-16 20:58:36 | INFO | {'message': 'I just loved an app! It was boring.', 'author': 'Charlie'}
2025-09-16 20:58:39 | INFO | {'message': 'I just loved a trick! It was weird.', 'author': 'Alice'}
2025-09-16 20:58:42 | INFO | {'message': 'I just tried a meme! It was funny.', 'author': 'Charlie'}
2025-09-16 20:58:45 | INFO | {'message': 'I just tried an app! It was exciting.', 'author': 'Alice'}
2025-09-16 20:58:48 | INFO | {'message': 'I just loved a meme! It was boring.', 'author': 'Eve'}
2025-09-16 20:58:51 | INFO | {'message': 'I just saw a movie! It was amazing.', 'author': 'Eve'}
2025-09-16 20:58:54 | INFO | {'message': 'I just shared a trick! It was boring.', 'author': 'Bob'}
2025-09-16 20:58:57 | INFO | {'message': 'I just loved a trick! It was weird.', 'author': 'Eve'}
2025-09-16 20:59:00 | INFO | {'message': 'I just shared a movie! It was funny.', 'author': 'Charlie'}
2025-09-16 20:59:03 | INFO | {'message': 'I just found a movie! It was amazing.', 'author': 'Bob'}
2025-09-16 20:59:06 | INFO | {'message': 'I just loved a trick! It was amazing.', 'author': 'Eve'}
2025-09-16 20:59:09 | INFO | {'message': 'I just loved an app! It was weird.', 'author': 'Eve'}
2025-09-16 20:59:12 | INFO | {'message': 'I just tried an app! It was exciting.', 'author': 'Eve'}
2025-09-16 20:59:15 | INFO | {'message': 'I just shared a movie! It was boring.', 'author': 'Alice'}
2025-09-16 20:59:18 | INFO | {'message': 'I just loved an app! It was exciting.', 'author': 'Bob'}
2025-09-16 20:59:21 | INFO | {'message': 'I just tried a story! It was amazing.', 'author': 'Charlie'}
2025-09-16 20:59:24 | INFO | {'message': 'I just loved a trick! It was exciting.', 'author': 'Charlie'}
2025-09-16 20:59:27 | INFO | {'message': 'I just tried a movie! It was weird.', 'author': 'Charlie'}
2025-09-16 20:59:30 | INFO | {'message': 'I just saw a movie! It was weird.', 'author': 'Bob'}
2025-09-16 20:59:33 | INFO | {'message': 'I just loved a story! It was exciting.', 'author': 'Bob'}
2025-09-16 20:59:36 | INFO | {'message': 'I just shared a trick! It was exciting.', 'author': 'Alice'}
2025-09-16 20:59:39 | INFO | {'message': 'I just found a trick! It was weird.', 'author': 'Eve'}
2025-09-16 20:59:42 | INFO | {'message': 'I just loved a movie! It was weird.', 'author': 'Eve'}
2025-09-16 20:59:45 | INFO | {'message': 'I just saw an app! It was funny.', 'author': 'Charlie'}
2025-09-16 20:59:48 | INFO | {'message': 'I just loved a story! It was funny.', 'author': 'Eve'}
2025-09-16 20:59:51 | INFO | {'message': 'I just shared a movie! It was weird.', 'author': 'Eve'}
2025-09-16 20:59:54 | INFO | {'message': 'I just tried a story! It was boring.', 'author': 'Bob'}
2025-09-16 20:59:57 | INFO | {'message': 'I just tried a story! It was funny.', 'author': 'Bob'}
2025-09-16 21:00:00 | INFO | {'message': 'I just loved a movie! It was funny.', 'author': 'Alice'}
2025-09-16 21:00:01 | WARNING | Producer interrupted by user.
2025-09-16 21:00:01 | INFO | Producer shutting down.
2025-09-16 21:00:20 | INFO | Logging to file: logs/project_log.log
2025-09-16 21:00:20 | INFO | Log sanitization enabled, personal info removed
2025-09-16 21:00:20 | INFO | Project root: PROJECT_ROOT
2025-09-16 21:00:20 | INFO | Data folder: PROJECT_ROOT/data
2025-09-16 21:00:20 | INFO | Data file: PROJECT_ROOT/data/buzz_live.json
2025-09-16 21:00:20 | INFO | START consumer.
2025-09-16 21:09:22 | INFO | Consumer interrupted by user.
2025-09-16 21:09:33 | INFO | Consumer closed.
2025-09-16 21:09:37 | INFO | Logging to file: logs/project_log.log
2025-09-16 21:09:37 | INFO | Log sanitization enabled, personal info removed
2025-09-16 21:09:37 | INFO | Project root: PROJECT_ROOT
2025-09-16 21:09:37 | INFO | Data folder: PROJECT_ROOT/data
2025-09-16 21:09:37 | INFO | Data file: PROJECT_ROOT/data/smoker_temps.csv
2025-09-16 21:09:37 | INFO | START producer.
2025-09-16 21:09:37 | INFO | Kafka broker address: localhost:9092
2025-09-16 21:09:37 | INFO | Kafka is ready. Brokers: {'throttle_time_ms': 0, 'brokers': [{'node_id': 1, 'host': 'localhost', 'port': 9092, 'rack': None}], 'cluster_id': 'JjY4WKawQ-GFC8VniCM2Xw', 'controller_id': 1}
2025-09-16 21:09:37 | INFO | Kafka topic: smoker_csv
2025-09-16 21:09:37 | INFO | Message interval: 5 seconds
2025-09-16 21:09:37 | INFO | Kafka broker address: localhost:9092
2025-09-16 21:09:37 | INFO | Connecting to Kafka broker at localhost:9092...
2025-09-16 21:09:37 | INFO | Kafka producer successfully created.
2025-09-16 21:09:37 | INFO | Kafka broker address: localhost:9092
2025-09-16 21:09:37 | INFO | Topic 'smoker_csv' already exists. Recreating fresh...
2025-09-16 21:09:37 | INFO | Requested deletion of topic 'smoker_csv'.
2025-09-16 21:09:38 | INFO | Topic 'smoker_csv' created successfully.
2025-09-16 21:09:38 | INFO | Kafka topic 'smoker_csv' is ready.
2025-09-16 21:09:38 | INFO | Starting message production to topic 'smoker_csv'...
2025-09-16 21:09:38 | INFO | Opening data file in read mode: PROJECT_ROOT/data/smoker_temps.csv
2025-09-16 21:09:38 | INFO | Reading data from file: PROJECT_ROOT/data/smoker_temps.csv
2025-09-16 21:09:38 | INFO | Sent message to topic 'smoker_csv': {'timestamp': '2025-09-17T02:09:38.060980', 'temperature': 70.4}
2025-09-16 21:09:43 | INFO | Sent message to topic 'smoker_csv': {'timestamp': '2025-09-17T02:09:43.063314', 'temperature': 70.8}
2025-09-16 21:09:45 | INFO | Consumer closed.
2025-09-16 21:09:48 | INFO | Sent message to topic 'smoker_csv': {'timestamp': '2025-09-17T02:09:48.068410', 'temperature': 71.2}
2025-09-16 21:09:53 | INFO | Sent message to topic 'smoker_csv': {'timestamp': '2025-09-17T02:09:53.075465', 'temperature': 71.6}
2025-09-16 21:09:58 | INFO | Sent message to topic 'smoker_csv': {'timestamp': '2025-09-17T02:09:58.077305', 'temperature': 72.0}
2025-09-16 21:09:59 | INFO | Logging to file: logs/project_log.log
2025-09-16 21:09:59 | INFO | Log sanitization enabled, personal info removed
2025-09-16 21:09:59 | INFO | START consumer.
2025-09-16 21:09:59 | INFO | Kafka topic: smoker_csv
2025-09-16 21:09:59 | INFO | Kafka consumer group id: smoker_group
2025-09-16 21:09:59 | INFO | Rolling window size: 10
2025-09-16 21:09:59 | INFO | Consumer: Topic 'smoker_csv' and group 'smoker_group'...
2025-09-16 21:09:59 | INFO | Rolling window size: 10
2025-09-16 21:09:59 | INFO | Kafka broker address: localhost:9092
2025-09-16 21:09:59 | INFO | Creating Kafka consumer. Topic='smoker_csv' and group ID='smoker_group'.
2025-09-16 21:10:00 | INFO | Kafka consumer created successfully.
2025-09-16 21:10:00 | INFO | Polling messages from topic 'smoker_csv'...
2025-09-16 21:10:03 | INFO | Sent message to topic 'smoker_csv': {'timestamp': '2025-09-17T02:10:03.081799', 'temperature': 72.4}
2025-09-16 21:10:03 | INFO | Processed JSON message: {'timestamp': '2025-09-17T02:09:38.060980', 'temperature': 70.4}
2025-09-16 21:10:03 | INFO | Processed JSON message: {'timestamp': '2025-09-17T02:09:43.063314', 'temperature': 70.8}
2025-09-16 21:10:03 | INFO | Processed JSON message: {'timestamp': '2025-09-17T02:09:48.068410', 'temperature': 71.2}
2025-09-16 21:10:03 | INFO | Processed JSON message: {'timestamp': '2025-09-17T02:09:53.075465', 'temperature': 71.6}
2025-09-16 21:10:03 | INFO | Processed JSON message: {'timestamp': '2025-09-17T02:09:58.077305', 'temperature': 72.0}
2025-09-16 21:10:03 | INFO | Processed JSON message: {'timestamp': '2025-09-17T02:10:03.081799', 'temperature': 72.4}
2025-09-16 21:10:08 | INFO | Sent message to topic 'smoker_csv': {'timestamp': '2025-09-17T02:10:08.086484', 'temperature': 72.8}
2025-09-16 21:10:08 | INFO | Processed JSON message: {'timestamp': '2025-09-17T02:10:08.086484', 'temperature': 72.8}
2025-09-16 21:10:13 | INFO | Sent message to topic 'smoker_csv': {'timestamp': '2025-09-17T02:10:13.094737', 'temperature': 73.2}
2025-09-16 21:10:13 | INFO | Processed JSON message: {'timestamp': '2025-09-17T02:10:13.094737', 'temperature': 73.2}
2025-09-16 21:10:18 | INFO | Processed JSON message: {'timestamp': '2025-09-17T02:10:18.099337', 'temperature': 73.6}
2025-09-16 21:10:18 | INFO | Sent message to topic 'smoker_csv': {'timestamp': '2025-09-17T02:10:18.099337', 'temperature': 73.6}
2025-09-16 21:10:23 | INFO | Sent message to topic 'smoker_csv': {'timestamp': '2025-09-17T02:10:23.147290', 'temperature': 74.0}
2025-09-16 21:10:23 | INFO | Processed JSON message: {'timestamp': '2025-09-17T02:10:23.147290', 'temperature': 74.0}
2025-09-16 21:10:28 | INFO | Sent message to topic 'smoker_csv': {'timestamp': '2025-09-17T02:10:28.154191', 'temperature': 74.4}
2025-09-16 21:10:28 | INFO | Processed JSON message: {'timestamp': '2025-09-17T02:10:28.154191', 'temperature': 74.4}
2025-09-16 21:10:33 | INFO | Sent message to topic 'smoker_csv': {'timestamp': '2025-09-17T02:10:33.185210', 'temperature': 74.8}
2025-09-16 21:10:33 | INFO | Processed JSON message: {'timestamp': '2025-09-17T02:10:33.185210', 'temperature': 74.8}
2025-09-16 21:10:38 | INFO | Sent message to topic 'smoker_csv': {'timestamp': '2025-09-17T02:10:38.187248', 'temperature': 75.2}
2025-09-16 21:10:38 | INFO | Processed JSON message: {'timestamp': '2025-09-17T02:10:38.187248', 'temperature': 75.2}
2025-09-16 21:10:43 | INFO | Sent message to topic 'smoker_csv': {'timestamp': '2025-09-17T02:10:43.189903', 'temperature': 75.6}
2025-09-16 21:10:43 | INFO | Processed JSON message: {'timestamp': '2025-09-17T02:10:43.189903', 'temperature': 75.6}
2025-09-16 21:10:48 | INFO | Sent message to topic 'smoker_csv': {'timestamp': '2025-09-17T02:10:48.196712', 'temperature': 76.0}
2025-09-16 21:10:48 | INFO | Processed JSON message: {'timestamp': '2025-09-17T02:10:48.196712', 'temperature': 76.0}
2025-09-16 21:10:53 | INFO | Sent message to topic 'smoker_csv': {'timestamp': '2025-09-17T02:10:53.201132', 'temperature': 76.4}
2025-09-16 21:10:53 | INFO | Processed JSON message: {'timestamp': '2025-09-17T02:10:53.201132', 'temperature': 76.4}
2025-09-16 21:10:58 | INFO | Sent message to topic 'smoker_csv': {'timestamp': '2025-09-17T02:10:58.207605', 'temperature': 76.8}
2025-09-16 21:10:58 | INFO | Processed JSON message: {'timestamp': '2025-09-17T02:10:58.207605', 'temperature': 76.8}
2025-09-16 21:11:02 | WARNING | Consumer interrupted by user.
2025-09-16 21:11:02 | INFO | Kafka consumer for topic 'smoker_csv' closed.
2025-09-16 21:11:03 | INFO | Sent message to topic 'smoker_csv': {'timestamp': '2025-09-17T02:11:03.225969', 'temperature': 77.2}
2025-09-16 21:11:06 | WARNING | Producer interrupted by user.
2025-09-16 21:11:06 | INFO | Kafka producer closed.
2025-09-16 21:11:06 | INFO | END producer.
2025-09-16 21:14:53 | INFO | Logging to file: logs/project_log.log
2025-09-16 21:14:53 | INFO | Log sanitization enabled, personal info removed
2025-09-16 21:14:53 | INFO | Project root: PROJECT_ROOT
2025-09-16 21:14:53 | INFO | Data folder: PROJECT_ROOT/data
2025-09-16 21:14:53 | INFO | Data file: PROJECT_ROOT/data/buzz_live.json
2025-09-16 21:14:53 | INFO | START producer...
2025-09-16 21:14:53 | INFO | Hit CTRL c (or CMD c) to close.
2025-09-16 21:14:53 | INFO | Message interval: 3 seconds
2025-09-16 21:14:53 | INFO | {'message': 'I just saw a trick! It was funny.', 'author': 'Bob'}
2025-09-16 21:14:56 | INFO | {'message': 'I just shared a trick! It was weird.', 'author': 'Eve'}
2025-09-16 21:14:59 | INFO | {'message': 'I just found an app! It was amazing.', 'author': 'Alice'}
2025-09-16 21:15:01 | INFO | Logging to file: logs/project_log.log
2025-09-16 21:15:01 | INFO | Log sanitization enabled, personal info removed
2025-09-16 21:15:01 | INFO | Project root: PROJECT_ROOT
2025-09-16 21:15:01 | INFO | Data folder: PROJECT_ROOT/data
2025-09-16 21:15:01 | INFO | Data file: PROJECT_ROOT/data/buzz_live.json
2025-09-16 21:15:02 | INFO | {'message': 'I just tried a story! It was amazing.', 'author': 'Charlie'}
2025-09-16 21:15:02 | INFO | START consumer.
2025-09-16 21:15:05 | INFO | {'message': 'I just shared a meme! It was exciting.', 'author': 'Bob'}
2025-09-16 21:15:05 | INFO | Processed JSON message: {'message': 'I just shared a meme! It was exciting.', 'author': 'Bob'}
2025-09-16 21:15:05 | INFO | Message received from author: Bob
2025-09-16 21:15:05 | INFO | Updated author counts: {'Bob': 1}
2025-09-16 21:15:05 | INFO | Chart updated successfully for message: {"message": "I just shared a meme! It was exciting.", "author": "Bob"}

2025-09-16 21:15:08 | INFO | {'message': 'I just loved a movie! It was funny.', 'author': 'Alice'}
2025-09-16 21:15:08 | INFO | Processed JSON message: {'message': 'I just loved a movie! It was funny.', 'author': 'Alice'}
2025-09-16 21:15:08 | INFO | Message received from author: Alice
2025-09-16 21:15:08 | INFO | Updated author counts: {'Bob': 1, 'Alice': 1}
2025-09-16 21:15:08 | INFO | Chart updated successfully for message: {"message": "I just loved a movie! It was funny.", "author": "Alice"}

2025-09-16 21:15:11 | INFO | {'message': 'I just loved a movie! It was amazing.', 'author': 'Eve'}
2025-09-16 21:15:11 | INFO | Processed JSON message: {'message': 'I just loved a movie! It was amazing.', 'author': 'Eve'}
2025-09-16 21:15:11 | INFO | Message received from author: Eve
2025-09-16 21:15:11 | INFO | Updated author counts: {'Bob': 1, 'Alice': 1, 'Eve': 1}
2025-09-16 21:15:11 | INFO | Chart updated successfully for message: {"message": "I just loved a movie! It was amazing.", "author": "Eve"}

2025-09-16 21:15:14 | INFO | {'message': 'I just saw a trick! It was funny.', 'author': 'Alice'}
2025-09-16 21:15:14 | INFO | Processed JSON message: {'message': 'I just saw a trick! It was funny.', 'author': 'Alice'}
2025-09-16 21:15:14 | INFO | Message received from author: Alice
2025-09-16 21:15:14 | INFO | Updated author counts: {'Bob': 1, 'Alice': 2, 'Eve': 1}
2025-09-16 21:15:14 | INFO | Chart updated successfully for message: {"message": "I just saw a trick! It was funny.", "author": "Alice"}

2025-09-16 21:15:17 | INFO | {'message': 'I just tried an app! It was funny.', 'author': 'Eve'}
2025-09-16 21:15:17 | INFO | Processed JSON message: {'message': 'I just tried an app! It was funny.', 'author': 'Eve'}
2025-09-16 21:15:17 | INFO | Message received from author: Eve
2025-09-16 21:15:17 | INFO | Updated author counts: {'Bob': 1, 'Alice': 2, 'Eve': 2}
2025-09-16 21:15:17 | INFO | Chart updated successfully for message: {"message": "I just tried an app! It was funny.", "author": "Eve"}

2025-09-16 21:15:20 | INFO | {'message': 'I just saw a meme! It was funny.', 'author': 'Alice'}
2025-09-16 21:15:20 | INFO | Processed JSON message: {'message': 'I just saw a meme! It was funny.', 'author': 'Alice'}
2025-09-16 21:15:20 | INFO | Message received from author: Alice
2025-09-16 21:15:20 | INFO | Updated author counts: {'Bob': 1, 'Alice': 3, 'Eve': 2}
2025-09-16 21:15:20 | INFO | Chart updated successfully for message: {"message": "I just saw a meme! It was funny.", "author": "Alice"}

2025-09-16 21:15:23 | INFO | {'message': 'I just loved a trick! It was weird.', 'author': 'Alice'}
2025-09-16 21:15:23 | INFO | Processed JSON message: {'message': 'I just loved a trick! It was weird.', 'author': 'Alice'}
2025-09-16 21:15:23 | INFO | Message received from author: Alice
2025-09-16 21:15:23 | INFO | Updated author counts: {'Bob': 1, 'Alice': 4, 'Eve': 2}
2025-09-16 21:15:23 | INFO | Chart updated successfully for message: {"message": "I just loved a trick! It was weird.", "author": "Alice"}

2025-09-16 21:15:26 | INFO | {'message': 'I just tried an app! It was boring.', 'author': 'Charlie'}
2025-09-16 21:15:26 | INFO | Processed JSON message: {'message': 'I just tried an app! It was boring.', 'author': 'Charlie'}
2025-09-16 21:15:26 | INFO | Message received from author: Charlie
2025-09-16 21:15:26 | INFO | Updated author counts: {'Bob': 1, 'Alice': 4, 'Eve': 2, 'Charlie': 1}
2025-09-16 21:15:26 | INFO | Chart updated successfully for message: {"message": "I just tried an app! It was boring.", "author": "Charlie"}

2025-09-16 21:15:29 | INFO | {'message': 'I just loved a trick! It was exciting.', 'author': 'Eve'}
2025-09-16 21:15:29 | INFO | Processed JSON message: {'message': 'I just loved a trick! It was exciting.', 'author': 'Eve'}
2025-09-16 21:15:29 | INFO | Message received from author: Eve
2025-09-16 21:15:29 | INFO | Updated author counts: {'Bob': 1, 'Alice': 4, 'Eve': 3, 'Charlie': 1}
2025-09-16 21:15:29 | INFO | Chart updated successfully for message: {"message": "I just loved a trick! It was exciting.", "author": "Eve"}

2025-09-16 21:15:32 | INFO | {'message': 'I just loved a movie! It was amazing.', 'author': 'Bob'}
2025-09-16 21:15:32 | INFO | Processed JSON message: {'message': 'I just loved a movie! It was amazing.', 'author': 'Bob'}
2025-09-16 21:15:32 | INFO | Message received from author: Bob
2025-09-16 21:15:32 | INFO | Updated author counts: {'Bob': 2, 'Alice': 4, 'Eve': 3, 'Charlie': 1}
2025-09-16 21:15:32 | INFO | Chart updated successfully for message: {"message": "I just loved a movie! It was amazing.", "author": "Bob"}

2025-09-16 21:15:35 | INFO | {'message': 'I just saw an app! It was amazing.', 'author': 'Eve'}
2025-09-16 21:15:35 | INFO | Processed JSON message: {'message': 'I just saw an app! It was amazing.', 'author': 'Eve'}
2025-09-16 21:15:35 | INFO | Message received from author: Eve
2025-09-16 21:15:35 | INFO | Updated author counts: {'Bob': 2, 'Alice': 4, 'Eve': 4, 'Charlie': 1}
2025-09-16 21:15:35 | INFO | Chart updated successfully for message: {"message": "I just saw an app! It was amazing.", "author": "Eve"}

2025-09-16 21:15:38 | INFO | {'message': 'I just shared a story! It was boring.', 'author': 'Charlie'}
2025-09-16 21:15:38 | INFO | Processed JSON message: {'message': 'I just shared a story! It was boring.', 'author': 'Charlie'}
2025-09-16 21:15:38 | INFO | Message received from author: Charlie
2025-09-16 21:15:38 | INFO | Updated author counts: {'Bob': 2, 'Alice': 4, 'Eve': 4, 'Charlie': 2}
2025-09-16 21:15:38 | INFO | Chart updated successfully for message: {"message": "I just shared a story! It was boring.", "author": "Charlie"}

2025-09-16 21:15:41 | INFO | {'message': 'I just tried a meme! It was amazing.', 'author': 'Charlie'}
2025-09-16 21:15:41 | INFO | Processed JSON message: {'message': 'I just tried a meme! It was amazing.', 'author': 'Charlie'}
2025-09-16 21:15:41 | INFO | Message received from author: Charlie
2025-09-16 21:15:41 | INFO | Updated author counts: {'Bob': 2, 'Alice': 4, 'Eve': 4, 'Charlie': 3}
2025-09-16 21:15:41 | INFO | Chart updated successfully for message: {"message": "I just tried a meme! It was amazing.", "author": "Charlie"}

2025-09-16 21:15:44 | INFO | {'message': 'I just saw a meme! It was weird.', 'author': 'Alice'}
2025-09-16 21:15:44 | INFO | Processed JSON message: {'message': 'I just saw a meme! It was weird.', 'author': 'Alice'}
2025-09-16 21:15:44 | INFO | Message received from author: Alice
2025-09-16 21:15:44 | INFO | Updated author counts: {'Bob': 2, 'Alice': 5, 'Eve': 4, 'Charlie': 3}
2025-09-16 21:15:44 | INFO | Chart updated successfully for message: {"message": "I just saw a meme! It was weird.", "author": "Alice"}

2025-09-16 21:15:47 | INFO | {'message': 'I just saw a story! It was weird.', 'author': 'Charlie'}
2025-09-16 21:15:47 | INFO | Processed JSON message: {'message': 'I just saw a story! It was weird.', 'author': 'Charlie'}
2025-09-16 21:15:47 | INFO | Message received from author: Charlie
2025-09-16 21:15:47 | INFO | Updated author counts: {'Bob': 2, 'Alice': 5, 'Eve': 4, 'Charlie': 4}
2025-09-16 21:15:47 | INFO | Chart updated successfully for message: {"message": "I just saw a story! It was weird.", "author": "Charlie"}

2025-09-16 21:15:50 | INFO | {'message': 'I just shared a meme! It was boring.', 'author': 'Bob'}
2025-09-16 21:15:50 | INFO | Processed JSON message: {'message': 'I just shared a meme! It was boring.', 'author': 'Bob'}
2025-09-16 21:15:50 | INFO | Message received from author: Bob
2025-09-16 21:15:50 | INFO | Updated author counts: {'Bob': 3, 'Alice': 5, 'Eve': 4, 'Charlie': 4}
2025-09-16 21:15:50 | INFO | Chart updated successfully for message: {"message": "I just shared a meme! It was boring.", "author": "Bob"}

2025-09-16 21:15:53 | INFO | {'message': 'I just shared a story! It was funny.', 'author': 'Charlie'}
2025-09-16 21:15:53 | INFO | Processed JSON message: {'message': 'I just shared a story! It was funny.', 'author': 'Charlie'}
2025-09-16 21:15:53 | INFO | Message received from author: Charlie
2025-09-16 21:15:53 | INFO | Updated author counts: {'Bob': 3, 'Alice': 5, 'Eve': 4, 'Charlie': 5}
2025-09-16 21:15:53 | INFO | Chart updated successfully for message: {"message": "I just shared a story! It was funny.", "author": "Charlie"}

2025-09-16 21:15:56 | INFO | {'message': 'I just loved a trick! It was amazing.', 'author': 'Bob'}
2025-09-16 21:15:56 | INFO | Processed JSON message: {'message': 'I just loved a trick! It was amazing.', 'author': 'Bob'}
2025-09-16 21:15:56 | INFO | Message received from author: Bob
2025-09-16 21:15:56 | INFO | Updated author counts: {'Bob': 4, 'Alice': 5, 'Eve': 4, 'Charlie': 5}
2025-09-16 21:15:56 | INFO | Chart updated successfully for message: {"message": "I just loved a trick! It was amazing.", "author": "Bob"}

2025-09-16 21:15:59 | INFO | {'message': 'I just tried a movie! It was exciting.', 'author': 'Eve'}
2025-09-16 21:15:59 | INFO | Processed JSON message: {'message': 'I just tried a movie! It was exciting.', 'author': 'Eve'}
2025-09-16 21:15:59 | INFO | Message received from author: Eve
2025-09-16 21:15:59 | INFO | Updated author counts: {'Bob': 4, 'Alice': 5, 'Eve': 5, 'Charlie': 5}
2025-09-16 21:15:59 | INFO | Chart updated successfully for message: {"message": "I just tried a movie! It was exciting.", "author": "Eve"}

2025-09-16 21:16:02 | INFO | {'message': 'I just shared a trick! It was weird.', 'author': 'Charlie'}
2025-09-16 21:16:02 | INFO | Processed JSON message: {'message': 'I just shared a trick! It was weird.', 'author': 'Charlie'}
2025-09-16 21:16:02 | INFO | Message received from author: Charlie
2025-09-16 21:16:02 | INFO | Updated author counts: {'Bob': 4, 'Alice': 5, 'Eve': 5, 'Charlie': 6}
2025-09-16 21:16:05 | INFO | {'message': 'I just tried an app! It was funny.', 'author': 'Charlie'}
2025-09-16 21:16:06 | INFO | Chart updated successfully for message: {"message": "I just shared a trick! It was weird.", "author": "Charlie"}

2025-09-16 21:16:06 | INFO | Processed JSON message: {'message': 'I just tried an app! It was funny.', 'author': 'Charlie'}
2025-09-16 21:16:06 | INFO | Message received from author: Charlie
2025-09-16 21:16:06 | INFO | Updated author counts: {'Bob': 4, 'Alice': 5, 'Eve': 5, 'Charlie': 7}
2025-09-16 21:16:06 | INFO | Chart updated successfully for message: {"message": "I just tried an app! It was funny.", "author": "Charlie"}

2025-09-16 21:16:08 | INFO | {'message': 'I just shared a story! It was boring.', 'author': 'Eve'}
2025-09-16 21:16:08 | INFO | Processed JSON message: {'message': 'I just shared a story! It was boring.', 'author': 'Eve'}
2025-09-16 21:16:08 | INFO | Message received from author: Eve
2025-09-16 21:16:08 | INFO | Updated author counts: {'Bob': 4, 'Alice': 5, 'Eve': 6, 'Charlie': 7}
2025-09-16 21:16:08 | INFO | Chart updated successfully for message: {"message": "I just shared a story! It was boring.", "author": "Eve"}

2025-09-16 21:16:11 | INFO | {'message': 'I just shared a trick! It was amazing.', 'author': 'Charlie'}
2025-09-16 21:16:11 | INFO | Processed JSON message: {'message': 'I just shared a trick! It was amazing.', 'author': 'Charlie'}
2025-09-16 21:16:11 | INFO | Message received from author: Charlie
2025-09-16 21:16:11 | INFO | Updated author counts: {'Bob': 4, 'Alice': 5, 'Eve': 6, 'Charlie': 8}
2025-09-16 21:16:11 | INFO | Chart updated successfully for message: {"message": "I just shared a trick! It was amazing.", "author": "Charlie"}

2025-09-16 21:16:14 | INFO | {'message': 'I just saw a meme! It was amazing.', 'author': 'Eve'}
2025-09-16 21:16:14 | INFO | Processed JSON message: {'message': 'I just saw a meme! It was amazing.', 'author': 'Eve'}
2025-09-16 21:16:14 | INFO | Message received from author: Eve
2025-09-16 21:16:14 | INFO | Updated author counts: {'Bob': 4, 'Alice': 5, 'Eve': 7, 'Charlie': 8}
2025-09-16 21:16:14 | INFO | Chart updated successfully for message: {"message": "I just saw a meme! It was amazing.", "author": "Eve"}

2025-09-16 21:16:17 | INFO | {'message': 'I just saw a meme! It was amazing.', 'author': 'Eve'}
2025-09-16 21:16:17 | INFO | Processed JSON message: {'message': 'I just saw a meme! It was amazing.', 'author': 'Eve'}
2025-09-16 21:16:17 | INFO | Message received from author: Eve
2025-09-16 21:16:17 | INFO | Updated author counts: {'Bob': 4, 'Alice': 5, 'Eve': 8, 'Charlie': 8}
2025-09-16 21:16:17 | INFO | Chart updated successfully for message: {"message": "I just saw a meme! It was amazing.", "author": "Eve"}

2025-09-16 21:16:20 | INFO | {'message': 'I just loved a trick! It was exciting.', 'author': 'Eve'}
2025-09-16 21:16:20 | INFO | Processed JSON message: {'message': 'I just loved a trick! It was exciting.', 'author': 'Eve'}
2025-09-16 21:16:20 | INFO | Message received from author: Eve
2025-09-16 21:16:20 | INFO | Updated author counts: {'Bob': 4, 'Alice': 5, 'Eve': 9, 'Charlie': 8}
2025-09-16 21:16:20 | INFO | Chart updated successfully for message: {"message": "I just loved a trick! It was exciting.", "author": "Eve"}

2025-09-16 21:16:23 | INFO | {'message': 'I just tried a movie! It was exciting.', 'author': 'Bob'}
2025-09-16 21:16:23 | INFO | Processed JSON message: {'message': 'I just tried a movie! It was exciting.', 'author': 'Bob'}
2025-09-16 21:16:23 | INFO | Message received from author: Bob
2025-09-16 21:16:23 | INFO | Updated author counts: {'Bob': 5, 'Alice': 5, 'Eve': 9, 'Charlie': 8}
2025-09-16 21:16:23 | INFO | Chart updated successfully for message: {"message": "I just tried a movie! It was exciting.", "author": "Bob"}

2025-09-16 21:16:26 | INFO | {'message': 'I just loved a movie! It was boring.', 'author': 'Charlie'}
2025-09-16 21:16:26 | INFO | Processed JSON message: {'message': 'I just loved a movie! It was boring.', 'author': 'Charlie'}
2025-09-16 21:16:26 | INFO | Message received from author: Charlie
2025-09-16 21:16:26 | INFO | Updated author counts: {'Bob': 5, 'Alice': 5, 'Eve': 9, 'Charlie': 9}
2025-09-16 21:16:26 | INFO | Chart updated successfully for message: {"message": "I just loved a movie! It was boring.", "author": "Charlie"}

2025-09-16 21:16:29 | INFO | {'message': 'I just tried an app! It was boring.', 'author': 'Alice'}
2025-09-16 21:16:29 | INFO | Processed JSON message: {'message': 'I just tried an app! It was boring.', 'author': 'Alice'}
2025-09-16 21:16:29 | INFO | Message received from author: Alice
2025-09-16 21:16:29 | INFO | Updated author counts: {'Bob': 5, 'Alice': 6, 'Eve': 9, 'Charlie': 9}
2025-09-16 21:16:29 | INFO | Chart updated successfully for message: {"message": "I just tried an app! It was boring.", "author": "Alice"}

2025-09-16 21:16:32 | INFO | {'message': 'I just shared a story! It was exciting.', 'author': 'Alice'}
2025-09-16 21:16:32 | INFO | Processed JSON message: {'message': 'I just shared a story! It was exciting.', 'author': 'Alice'}
2025-09-16 21:16:32 | INFO | Message received from author: Alice
2025-09-16 21:16:32 | INFO | Updated author counts: {'Bob': 5, 'Alice': 7, 'Eve': 9, 'Charlie': 9}
2025-09-16 21:16:32 | INFO | Chart updated successfully for message: {"message": "I just shared a story! It was exciting.", "author": "Alice"}

2025-09-16 21:16:35 | INFO | {'message': 'I just found an app! It was weird.', 'author': 'Alice'}
2025-09-16 21:16:35 | INFO | Processed JSON message: {'message': 'I just found an app! It was weird.', 'author': 'Alice'}
2025-09-16 21:16:35 | INFO | Message received from author: Alice
2025-09-16 21:16:35 | INFO | Updated author counts: {'Bob': 5, 'Alice': 8, 'Eve': 9, 'Charlie': 9}
2025-09-16 21:16:35 | INFO | Chart updated successfully for message: {"message": "I just found an app! It was weird.", "author": "Alice"}

2025-09-16 21:16:35 | INFO | Consumer interrupted by user.
2025-09-16 21:16:38 | INFO | {'message': 'I just loved a story! It was weird.', 'author': 'Alice'}
2025-09-16 21:16:39 | INFO | Consumer closed.
2025-09-16 21:16:41 | INFO | {'message': 'I just shared a story! It was amazing.', 'author': 'Alice'}
2025-09-16 21:16:44 | INFO | {'message': 'I just shared a trick! It was weird.', 'author': 'Charlie'}
2025-09-16 21:16:47 | INFO | {'message': 'I just found a movie! It was amazing.', 'author': 'Eve'}
2025-09-16 21:16:48 | INFO | Logging to file: logs/project_log.log
2025-09-16 21:16:48 | INFO | Log sanitization enabled, personal info removed
2025-09-16 21:16:48 | INFO | Project root: PROJECT_ROOT
2025-09-16 21:16:48 | INFO | Data folder: PROJECT_ROOT/data
2025-09-16 21:16:48 | INFO | Data file: PROJECT_ROOT/data/buzz.json
2025-09-16 21:16:48 | INFO | START producer.
2025-09-16 21:16:48 | INFO | Kafka broker address: localhost:9092
2025-09-16 21:16:48 | INFO | Kafka is ready. Brokers: {'throttle_time_ms': 0, 'brokers': [{'node_id': 1, 'host': 'localhost', 'port': 9092, 'rack': None}], 'cluster_id': 'JjY4WKawQ-GFC8VniCM2Xw', 'controller_id': 1}
2025-09-16 21:16:48 | INFO | Kafka topic: buzzline_json
2025-09-16 21:16:48 | INFO | Message interval: 3 seconds
2025-09-16 21:16:48 | INFO | Kafka broker address: localhost:9092
2025-09-16 21:16:48 | INFO | Connecting to Kafka broker at localhost:9092...
2025-09-16 21:16:49 | INFO | Kafka producer successfully created.
2025-09-16 21:16:49 | INFO | Kafka broker address: localhost:9092
2025-09-16 21:16:49 | INFO | Topic 'buzzline_json' already exists. Recreating fresh...
2025-09-16 21:16:49 | INFO | Requested deletion of topic 'buzzline_json'.
2025-09-16 21:16:49 | INFO | Topic 'buzzline_json' created successfully.
2025-09-16 21:16:49 | INFO | Kafka topic 'buzzline_json' is ready.
2025-09-16 21:16:49 | INFO | Starting message production to topic 'buzzline_json'...
2025-09-16 21:16:49 | INFO | Opening data file in read mode: PROJECT_ROOT/data/buzz.json
2025-09-16 21:16:49 | INFO | Reading data from file: PROJECT_ROOT/data/buzz.json
2025-09-16 21:16:49 | INFO | Sent message to topic 'buzzline_json': {'message': 'Data engineering is my passion.', 'author': 'Eve'}
2025-09-16 21:16:50 | INFO | {'message': 'I just found a trick! It was exciting.', 'author': 'Charlie'}
2025-09-16 21:16:52 | INFO | Sent message to topic 'buzzline_json': {'message': 'Distributed systems are fascinating.', 'author': 'Alice'}
2025-09-16 21:16:53 | INFO | {'message': 'I just tried a trick! It was boring.', 'author': 'Bob'}
2025-09-16 21:16:55 | INFO | Sent message to topic 'buzzline_json': {'message': 'Have a great day!', 'author': 'Charlie'}
2025-09-16 21:16:56 | INFO | {'message': 'I just tried a movie! It was amazing.', 'author': 'Eve'}
2025-09-16 21:16:58 | INFO | Sent message to topic 'buzzline_json': {'message': 'Data engineering is my passion.', 'author': 'Alice'}
2025-09-16 21:16:59 | INFO | {'message': 'I just loved a story! It was amazing.', 'author': 'Alice'}
2025-09-16 21:17:01 | INFO | Sent message to topic 'buzzline_json': {'message': 'Distributed systems are fascinating.', 'author': 'Diana'}
2025-09-16 21:17:02 | INFO | {'message': 'I just tried a story! It was amazing.', 'author': 'Charlie'}
2025-09-16 21:17:04 | INFO | Sent message to topic 'buzzline_json': {'message': 'Buzz messages for everyone.', 'author': 'Alice'}
2025-09-16 21:17:05 | INFO | {'message': 'I just saw a meme! It was exciting.', 'author': 'Charlie'}
2025-09-16 21:17:07 | INFO | Sent message to topic 'buzzline_json': {'message': 'Hello, Kafka world!', 'author': 'Diana'}
2025-09-16 21:17:08 | INFO | {'message': 'I just tried a story! It was amazing.', 'author': 'Charlie'}
2025-09-16 21:17:10 | INFO | Sent message to topic 'buzzline_json': {'message': 'This is a buzz message.', 'author': 'Eve'}
2025-09-16 21:17:11 | INFO | {'message': 'I just saw a trick! It was exciting.', 'author': 'Bob'}
2025-09-16 21:17:13 | INFO | Sent message to topic 'buzzline_json': {'message': 'JSON makes life easier.', 'author': 'Eve'}
2025-09-16 21:17:14 | INFO | {'message': 'I just found a movie! It was amazing.', 'author': 'Bob'}
2025-09-16 21:17:15 | WARNING | Producer interrupted by user.
2025-09-16 21:17:15 | INFO | Producer shutting down.
2025-09-16 21:17:16 | INFO | Sent message to topic 'buzzline_json': {'message': 'JSON makes life easier.', 'author': 'Alice'}
2025-09-16 21:17:19 | INFO | Logging to file: logs/project_log.log
2025-09-16 21:17:19 | INFO | Log sanitization enabled, personal info removed
2025-09-16 21:17:19 | INFO | Sent message to topic 'buzzline_json': {'message': 'Data engineering is my passion.', 'author': 'Diana'}
2025-09-16 21:17:19 | INFO | START consumer.
2025-09-16 21:17:19 | INFO | Kafka topic: buzzline_json
2025-09-16 21:17:19 | INFO | Kafka consumer group id: buzz_group
2025-09-16 21:17:19 | INFO | Consumer: Topic 'buzzline_json' and group 'buzz_group'...
2025-09-16 21:17:19 | INFO | Kafka broker address: localhost:9092
2025-09-16 21:17:19 | INFO | Creating Kafka consumer. Topic='buzzline_json' and group ID='buzz_group'.
2025-09-16 21:17:19 | INFO | Kafka consumer created successfully.
2025-09-16 21:17:19 | INFO | Polling messages from topic 'buzzline_json'...
2025-09-16 21:17:19 | ERROR | Error while consuming messages: Invalid file descriptor: -1
2025-09-16 21:17:19 | INFO | Kafka consumer for topic 'buzzline_json' closed.
2025-09-16 21:17:19 | INFO | END consumer for topic 'buzzline_json' and group 'buzz_group'.
2025-09-16 21:17:22 | INFO | Sent message to topic 'buzzline_json': {'message': 'JSON makes life easier.', 'author': 'Diana'}
2025-09-16 21:17:25 | INFO | Sent message to topic 'buzzline_json': {'message': 'Kafka is awesome.', 'author': 'Charlie'}
2025-09-16 21:18:13 | WARNING | Producer interrupted by user.
