2025-09-17 18:38:59 | INFO | {'message': 'I just tried Python! It was amazing.', 'author': 'Eve', 'timestamp': '2025-09-17 18:38:59', 'category': 'tech', 'sentiment': 0.43, 'keyword_mentioned': 'Python', 'message_length': 36}
2025-09-17 18:38:59 | INFO | Sent message to Kafka topic 'project_json': {'message': 'I just tried Python! It was amazing.', 'author': 'Eve', 'timestamp': '2025-09-17 18:38:59', 'category': 'tech', 'sentiment': 0.43, 'keyword_mentioned': 'Python', 'message_length': 36}
2025-09-17 18:39:00 | INFO | Processed JSON message: {'message': 'I just tried Python! It was amazing.', 'author': 'Eve', 'timestamp': '2025-09-17 18:38:59', 'category': 'tech', 'sentiment': 0.43, 'keyword_mentioned': 'Python', 'message_length': 36}
2025-09-17 18:39:00 | INFO | Message received from author: Eve
2025-09-17 18:39:00 | INFO | Updated author counts: {'Charlie': 1, 'Eve': 1}
2025-09-17 18:39:00 | INFO | Chart updated successfully for message: {"message": "I just tried Python! It was amazing.", "author": "Eve", "timestamp": "2025-09-17 18:38:59", "category": "tech", "sentiment": 0.43, "keyword_mentioned": "Python", "message_length": 36}

2025-09-17 18:39:04 | INFO | {'message': 'I just saw JavaScript! It was weird.', 'author': 'Alice', 'timestamp': '2025-09-17 18:39:04', 'category': 'tech', 'sentiment': 0.27, 'keyword_mentioned': 'JavaScript', 'message_length': 36}
2025-09-17 18:39:04 | INFO | Sent message to Kafka topic 'project_json': {'message': 'I just saw JavaScript! It was weird.', 'author': 'Alice', 'timestamp': '2025-09-17 18:39:04', 'category': 'tech', 'sentiment': 0.27, 'keyword_mentioned': 'JavaScript', 'message_length': 36}
2025-09-17 18:39:04 | INFO | Processed JSON message: {'message': 'I just saw JavaScript! It was weird.', 'author': 'Alice', 'timestamp': '2025-09-17 18:39:04', 'category': 'tech', 'sentiment': 0.27, 'keyword_mentioned': 'JavaScript', 'message_length': 36}
2025-09-17 18:39:04 | INFO | Message received from author: Alice
2025-09-17 18:39:04 | INFO | Updated author counts: {'Charlie': 1, 'Eve': 1, 'Alice': 1}
2025-09-17 18:39:04 | INFO | Chart updated successfully for message: {"message": "I just saw JavaScript! It was weird.", "author": "Alice", "timestamp": "2025-09-17 18:39:04", "category": "tech", "sentiment": 0.27, "keyword_mentioned": "JavaScript", "message_length": 36}

2025-09-17 18:39:09 | INFO | {'message': 'I just tried recipe! It was amazing.', 'author': 'Alice', 'timestamp': '2025-09-17 18:39:09', 'category': 'food', 'sentiment': 0.48, 'keyword_mentioned': 'recipe', 'message_length': 36}
2025-09-17 18:39:09 | INFO | Sent message to Kafka topic 'project_json': {'message': 'I just tried recipe! It was amazing.', 'author': 'Alice', 'timestamp': '2025-09-17 18:39:09', 'category': 'food', 'sentiment': 0.48, 'keyword_mentioned': 'recipe', 'message_length': 36}
2025-09-17 18:39:09 | INFO | Processed JSON message: {'message': 'I just tried recipe! It was amazing.', 'author': 'Alice', 'timestamp': '2025-09-17 18:39:09', 'category': 'food', 'sentiment': 0.48, 'keyword_mentioned': 'recipe', 'message_length': 36}
2025-09-17 18:39:09 | INFO | Message received from author: Alice
2025-09-17 18:39:09 | INFO | Updated author counts: {'Charlie': 1, 'Eve': 1, 'Alice': 2}
2025-09-17 18:39:09 | INFO | Chart updated successfully for message: {"message": "I just tried recipe! It was amazing.", "author": "Alice", "timestamp": "2025-09-17 18:39:09", "category": "food", "sentiment": 0.48, "keyword_mentioned": "recipe", "message_length": 36}

2025-09-17 18:39:14 | INFO | {'message': 'I just shared a trick! It was exciting.', 'author': 'Eve', 'timestamp': '2025-09-17 18:39:14', 'category': 'other', 'sentiment': 0.17, 'keyword_mentioned': 'other', 'message_length': 39}
2025-09-17 18:39:14 | INFO | Sent message to Kafka topic 'project_json': {'message': 'I just shared a trick! It was exciting.', 'author': 'Eve', 'timestamp': '2025-09-17 18:39:14', 'category': 'other', 'sentiment': 0.17, 'keyword_mentioned': 'other', 'message_length': 39}
2025-09-17 18:39:14 | INFO | Processed JSON message: {'message': 'I just shared a trick! It was exciting.', 'author': 'Eve', 'timestamp': '2025-09-17 18:39:14', 'category': 'other', 'sentiment': 0.17, 'keyword_mentioned': 'other', 'message_length': 39}
2025-09-17 18:39:14 | INFO | Message received from author: Eve
2025-09-17 18:39:14 | INFO | Updated author counts: {'Charlie': 1, 'Eve': 2, 'Alice': 2}
2025-09-17 18:39:15 | INFO | Chart updated successfully for message: {"message": "I just shared a trick! It was exciting.", "author": "Eve", "timestamp": "2025-09-17 18:39:14", "category": "other", "sentiment": 0.17, "keyword_mentioned": "other", "message_length": 39}

2025-09-17 18:39:19 | INFO | {'message': 'I just saw a movie! It was exciting.', 'author': 'Alice', 'timestamp': '2025-09-17 18:39:19', 'category': 'entertainment', 'sentiment': 0.18, 'keyword_mentioned': 'movie', 'message_length': 36}
2025-09-17 18:39:19 | INFO | Sent message to Kafka topic 'project_json': {'message': 'I just saw a movie! It was exciting.', 'author': 'Alice', 'timestamp': '2025-09-17 18:39:19', 'category': 'entertainment', 'sentiment': 0.18, 'keyword_mentioned': 'movie', 'message_length': 36}
2025-09-17 18:39:20 | INFO | Processed JSON message: {'message': 'I just saw a movie! It was exciting.', 'author': 'Alice', 'timestamp': '2025-09-17 18:39:19', 'category': 'entertainment', 'sentiment': 0.18, 'keyword_mentioned': 'movie', 'message_length': 36}
2025-09-17 18:39:20 | INFO | Message received from author: Alice
2025-09-17 18:39:20 | INFO | Updated author counts: {'Charlie': 1, 'Eve': 2, 'Alice': 3}
2025-09-17 18:39:20 | INFO | Chart updated successfully for message: {"message": "I just saw a movie! It was exciting.", "author": "Alice", "timestamp": "2025-09-17 18:39:19", "category": "entertainment", "sentiment": 0.18, "keyword_mentioned": "movie", "message_length": 36}

2025-09-17 18:39:24 | INFO | {'message': 'I just found a meme! It was funny.', 'author': 'Charlie', 'timestamp': '2025-09-17 18:39:24', 'category': 'humor', 'sentiment': 0.87, 'keyword_mentioned': 'meme', 'message_length': 34}
2025-09-17 18:39:24 | INFO | Sent message to Kafka topic 'project_json': {'message': 'I just found a meme! It was funny.', 'author': 'Charlie', 'timestamp': '2025-09-17 18:39:24', 'category': 'humor', 'sentiment': 0.87, 'keyword_mentioned': 'meme', 'message_length': 34}
2025-09-17 18:39:25 | INFO | Processed JSON message: {'message': 'I just found a meme! It was funny.', 'author': 'Charlie', 'timestamp': '2025-09-17 18:39:24', 'category': 'humor', 'sentiment': 0.87, 'keyword_mentioned': 'meme', 'message_length': 34}
2025-09-17 18:39:25 | INFO | Message received from author: Charlie
2025-09-17 18:39:25 | INFO | Updated author counts: {'Charlie': 2, 'Eve': 2, 'Alice': 3}
2025-09-17 18:39:25 | INFO | Chart updated successfully for message: {"message": "I just found a meme! It was funny.", "author": "Charlie", "timestamp": "2025-09-17 18:39:24", "category": "humor", "sentiment": 0.87, "keyword_mentioned": "meme", "message_length": 34}

2025-09-17 18:39:29 | INFO | {'message': 'I just found a story! It was funny.', 'author': 'Alice', 'timestamp': '2025-09-17 18:39:29', 'category': 'other', 'sentiment': 0.45, 'keyword_mentioned': 'other', 'message_length': 35}
2025-09-17 18:39:29 | INFO | Sent message to Kafka topic 'project_json': {'message': 'I just found a story! It was funny.', 'author': 'Alice', 'timestamp': '2025-09-17 18:39:29', 'category': 'other', 'sentiment': 0.45, 'keyword_mentioned': 'other', 'message_length': 35}
2025-09-17 18:39:29 | INFO | Processed JSON message: {'message': 'I just found a story! It was funny.', 'author': 'Alice', 'timestamp': '2025-09-17 18:39:29', 'category': 'other', 'sentiment': 0.45, 'keyword_mentioned': 'other', 'message_length': 35}
2025-09-17 18:39:29 | INFO | Message received from author: Alice
2025-09-17 18:39:29 | INFO | Updated author counts: {'Charlie': 2, 'Eve': 2, 'Alice': 4}
2025-09-17 18:39:29 | INFO | Chart updated successfully for message: {"message": "I just found a story! It was funny.", "author": "Alice", "timestamp": "2025-09-17 18:39:29", "category": "other", "sentiment": 0.45, "keyword_mentioned": "other", "message_length": 35}

2025-09-17 18:39:34 | INFO | {'message': 'I just tried travel! It was exciting.', 'author': 'Bob', 'timestamp': '2025-09-17 18:39:34', 'category': 'travel', 'sentiment': 0.94, 'keyword_mentioned': 'travel', 'message_length': 37}
2025-09-17 18:39:34 | INFO | Sent message to Kafka topic 'project_json': {'message': 'I just tried travel! It was exciting.', 'author': 'Bob', 'timestamp': '2025-09-17 18:39:34', 'category': 'travel', 'sentiment': 0.94, 'keyword_mentioned': 'travel', 'message_length': 37}
2025-09-17 18:39:34 | INFO | Processed JSON message: {'message': 'I just tried travel! It was exciting.', 'author': 'Bob', 'timestamp': '2025-09-17 18:39:34', 'category': 'travel', 'sentiment': 0.94, 'keyword_mentioned': 'travel', 'message_length': 37}
2025-09-17 18:39:34 | INFO | Message received from author: Bob
2025-09-17 18:39:34 | INFO | Updated author counts: {'Charlie': 2, 'Eve': 2, 'Alice': 4, 'Bob': 1}
2025-09-17 18:39:34 | INFO | Chart updated successfully for message: {"message": "I just tried travel! It was exciting.", "author": "Bob", "timestamp": "2025-09-17 18:39:34", "category": "travel", "sentiment": 0.94, "keyword_mentioned": "travel", "message_length": 37}

2025-09-17 18:39:39 | INFO | {'message': 'I just shared an app! It was funny.', 'author': 'Alice', 'timestamp': '2025-09-17 18:39:39', 'category': 'other', 'sentiment': 0.6, 'keyword_mentioned': 'other', 'message_length': 35}
2025-09-17 18:39:39 | INFO | Sent message to Kafka topic 'project_json': {'message': 'I just shared an app! It was funny.', 'author': 'Alice', 'timestamp': '2025-09-17 18:39:39', 'category': 'other', 'sentiment': 0.6, 'keyword_mentioned': 'other', 'message_length': 35}
2025-09-17 18:39:39 | INFO | Processed JSON message: {'message': 'I just shared an app! It was funny.', 'author': 'Alice', 'timestamp': '2025-09-17 18:39:39', 'category': 'other', 'sentiment': 0.6, 'keyword_mentioned': 'other', 'message_length': 35}
2025-09-17 18:39:39 | INFO | Message received from author: Alice
2025-09-17 18:39:40 | INFO | Updated author counts: {'Charlie': 2, 'Eve': 2, 'Alice': 5, 'Bob': 1}
2025-09-17 18:39:40 | INFO | Chart updated successfully for message: {"message": "I just shared an app! It was funny.", "author": "Alice", "timestamp": "2025-09-17 18:39:39", "category": "other", "sentiment": 0.6, "keyword_mentioned": "other", "message_length": 35}

2025-09-17 18:39:44 | INFO | {'message': 'I just found travel! It was amazing.', 'author': 'Eve', 'timestamp': '2025-09-17 18:39:44', 'category': 'travel', 'sentiment': 0.78, 'keyword_mentioned': 'travel', 'message_length': 36}
2025-09-17 18:39:44 | INFO | Sent message to Kafka topic 'project_json': {'message': 'I just found travel! It was amazing.', 'author': 'Eve', 'timestamp': '2025-09-17 18:39:44', 'category': 'travel', 'sentiment': 0.78, 'keyword_mentioned': 'travel', 'message_length': 36}
2025-09-17 18:39:45 | INFO | Processed JSON message: {'message': 'I just found travel! It was amazing.', 'author': 'Eve', 'timestamp': '2025-09-17 18:39:44', 'category': 'travel', 'sentiment': 0.78, 'keyword_mentioned': 'travel', 'message_length': 36}
2025-09-17 18:39:45 | INFO | Message received from author: Eve
2025-09-17 18:39:45 | INFO | Updated author counts: {'Charlie': 2, 'Eve': 3, 'Alice': 5, 'Bob': 1}
2025-09-17 18:39:45 | INFO | Chart updated successfully for message: {"message": "I just found travel! It was amazing.", "author": "Eve", "timestamp": "2025-09-17 18:39:44", "category": "travel", "sentiment": 0.78, "keyword_mentioned": "travel", "message_length": 36}

2025-09-17 18:39:49 | INFO | {'message': 'I just shared a trick! It was weird.', 'author': 'Alice', 'timestamp': '2025-09-17 18:39:49', 'category': 'other', 'sentiment': 0.71, 'keyword_mentioned': 'other', 'message_length': 36}
2025-09-17 18:39:49 | INFO | Sent message to Kafka topic 'project_json': {'message': 'I just shared a trick! It was weird.', 'author': 'Alice', 'timestamp': '2025-09-17 18:39:49', 'category': 'other', 'sentiment': 0.71, 'keyword_mentioned': 'other', 'message_length': 36}
2025-09-17 18:39:50 | INFO | Processed JSON message: {'message': 'I just shared a trick! It was weird.', 'author': 'Alice', 'timestamp': '2025-09-17 18:39:49', 'category': 'other', 'sentiment': 0.71, 'keyword_mentioned': 'other', 'message_length': 36}
2025-09-17 18:39:50 | INFO | Message received from author: Alice
2025-09-17 18:39:50 | INFO | Updated author counts: {'Charlie': 2, 'Eve': 3, 'Alice': 6, 'Bob': 1}
2025-09-17 18:39:50 | INFO | Chart updated successfully for message: {"message": "I just shared a trick! It was weird.", "author": "Alice", "timestamp": "2025-09-17 18:39:49", "category": "other", "sentiment": 0.71, "keyword_mentioned": "other", "message_length": 36}

2025-09-17 18:39:54 | INFO | {'message': 'I just shared an app! It was amazing.', 'author': 'Alice', 'timestamp': '2025-09-17 18:39:54', 'category': 'other', 'sentiment': 0.35, 'keyword_mentioned': 'other', 'message_length': 37}
2025-09-17 18:39:54 | INFO | Sent message to Kafka topic 'project_json': {'message': 'I just shared an app! It was amazing.', 'author': 'Alice', 'timestamp': '2025-09-17 18:39:54', 'category': 'other', 'sentiment': 0.35, 'keyword_mentioned': 'other', 'message_length': 37}
2025-09-17 18:39:54 | INFO | Processed JSON message: {'message': 'I just shared an app! It was amazing.', 'author': 'Alice', 'timestamp': '2025-09-17 18:39:54', 'category': 'other', 'sentiment': 0.35, 'keyword_mentioned': 'other', 'message_length': 37}
2025-09-17 18:39:54 | INFO | Message received from author: Alice
2025-09-17 18:39:54 | INFO | Updated author counts: {'Charlie': 2, 'Eve': 3, 'Alice': 7, 'Bob': 1}
2025-09-17 18:39:54 | INFO | Chart updated successfully for message: {"message": "I just shared an app! It was amazing.", "author": "Alice", "timestamp": "2025-09-17 18:39:54", "category": "other", "sentiment": 0.35, "keyword_mentioned": "other", "message_length": 37}

2025-09-17 18:39:59 | INFO | {'message': 'I just shared a trick! It was boring.', 'author': 'Charlie', 'timestamp': '2025-09-17 18:39:59', 'category': 'other', 'sentiment': 0.06, 'keyword_mentioned': 'other', 'message_length': 37}
2025-09-17 18:39:59 | INFO | Sent message to Kafka topic 'project_json': {'message': 'I just shared a trick! It was boring.', 'author': 'Charlie', 'timestamp': '2025-09-17 18:39:59', 'category': 'other', 'sentiment': 0.06, 'keyword_mentioned': 'other', 'message_length': 37}
2025-09-17 18:39:59 | INFO | Processed JSON message: {'message': 'I just shared a trick! It was boring.', 'author': 'Charlie', 'timestamp': '2025-09-17 18:39:59', 'category': 'other', 'sentiment': 0.06, 'keyword_mentioned': 'other', 'message_length': 37}
2025-09-17 18:39:59 | INFO | Message received from author: Charlie
2025-09-17 18:39:59 | INFO | Updated author counts: {'Charlie': 3, 'Eve': 3, 'Alice': 7, 'Bob': 1}
2025-09-17 18:39:59 | INFO | Chart updated successfully for message: {"message": "I just shared a trick! It was boring.", "author": "Charlie", "timestamp": "2025-09-17 18:39:59", "category": "other", "sentiment": 0.06, "keyword_mentioned": "other", "message_length": 37}

2025-09-17 18:40:04 | INFO | {'message': 'I just shared game! It was amazing.', 'author': 'Alice', 'timestamp': '2025-09-17 18:40:04', 'category': 'gaming', 'sentiment': 0.33, 'keyword_mentioned': 'game', 'message_length': 35}
2025-09-17 18:40:04 | INFO | Sent message to Kafka topic 'project_json': {'message': 'I just shared game! It was amazing.', 'author': 'Alice', 'timestamp': '2025-09-17 18:40:04', 'category': 'gaming', 'sentiment': 0.33, 'keyword_mentioned': 'game', 'message_length': 35}
2025-09-17 18:40:04 | INFO | Processed JSON message: {'message': 'I just shared game! It was amazing.', 'author': 'Alice', 'timestamp': '2025-09-17 18:40:04', 'category': 'gaming', 'sentiment': 0.33, 'keyword_mentioned': 'game', 'message_length': 35}
2025-09-17 18:40:04 | INFO | Message received from author: Alice
2025-09-17 18:40:04 | INFO | Updated author counts: {'Charlie': 3, 'Eve': 3, 'Alice': 8, 'Bob': 1}
2025-09-17 18:40:05 | INFO | Chart updated successfully for message: {"message": "I just shared game! It was amazing.", "author": "Alice", "timestamp": "2025-09-17 18:40:04", "category": "gaming", "sentiment": 0.33, "keyword_mentioned": "game", "message_length": 35}

2025-09-17 18:40:09 | INFO | {'message': 'I just found recipe! It was weird.', 'author': 'Bob', 'timestamp': '2025-09-17 18:40:09', 'category': 'food', 'sentiment': 0.23, 'keyword_mentioned': 'recipe', 'message_length': 34}
2025-09-17 18:40:09 | INFO | Sent message to Kafka topic 'project_json': {'message': 'I just found recipe! It was weird.', 'author': 'Bob', 'timestamp': '2025-09-17 18:40:09', 'category': 'food', 'sentiment': 0.23, 'keyword_mentioned': 'recipe', 'message_length': 34}
2025-09-17 18:40:10 | INFO | Processed JSON message: {'message': 'I just found recipe! It was weird.', 'author': 'Bob', 'timestamp': '2025-09-17 18:40:09', 'category': 'food', 'sentiment': 0.23, 'keyword_mentioned': 'recipe', 'message_length': 34}
2025-09-17 18:40:10 | INFO | Message received from author: Bob
2025-09-17 18:40:10 | INFO | Updated author counts: {'Charlie': 3, 'Eve': 3, 'Alice': 8, 'Bob': 2}
2025-09-17 18:40:10 | INFO | Chart updated successfully for message: {"message": "I just found recipe! It was weird.", "author": "Bob", "timestamp": "2025-09-17 18:40:09", "category": "food", "sentiment": 0.23, "keyword_mentioned": "recipe", "message_length": 34}

2025-09-17 18:40:13 | INFO | Consumer interrupted by user.
2025-09-17 18:40:14 | INFO | {'message': 'I just saw game! It was weird.', 'author': 'Alice', 'timestamp': '2025-09-17 18:40:14', 'category': 'gaming', 'sentiment': 0.74, 'keyword_mentioned': 'game', 'message_length': 30}
2025-09-17 18:40:14 | INFO | Sent message to Kafka topic 'project_json': {'message': 'I just saw game! It was weird.', 'author': 'Alice', 'timestamp': '2025-09-17 18:40:14', 'category': 'gaming', 'sentiment': 0.74, 'keyword_mentioned': 'game', 'message_length': 30}
2025-09-17 18:40:17 | WARNING | Producer interrupted by user.
2025-09-17 18:40:17 | INFO | Kafka producer closed.
2025-09-17 18:40:17 | INFO | Producer shutting down.
2025-09-17 18:44:39 | INFO | Logging to file: logs/project_log.log
2025-09-17 18:44:39 | INFO | Log sanitization enabled, personal info removed
2025-09-17 18:44:39 | INFO | START producer...
2025-09-17 18:44:39 | INFO | Kafka producer connected to localhost:9092
2025-09-17 18:44:39 | INFO | {'message': 'I just shared JavaScript! It was amazing.', 'author': 'Charlie', 'timestamp': '2025-09-17 18:44:39', 'category': 'tech', 'sentiment': 0.44, 'keyword_mentioned': 'JavaScript', 'message_length': 41}
2025-09-17 18:44:39 | INFO | Sent message to Kafka topic 'project_json': {'message': 'I just shared JavaScript! It was amazing.', 'author': 'Charlie', 'timestamp': '2025-09-17 18:44:39', 'category': 'tech', 'sentiment': 0.44, 'keyword_mentioned': 'JavaScript', 'message_length': 41}
2025-09-17 18:44:44 | INFO | {'message': 'I just tried Python! It was exciting.', 'author': 'Bob', 'timestamp': '2025-09-17 18:44:44', 'category': 'tech', 'sentiment': 0.53, 'keyword_mentioned': 'Python', 'message_length': 37}
2025-09-17 18:44:44 | INFO | Sent message to Kafka topic 'project_json': {'message': 'I just tried Python! It was exciting.', 'author': 'Bob', 'timestamp': '2025-09-17 18:44:44', 'category': 'tech', 'sentiment': 0.53, 'keyword_mentioned': 'Python', 'message_length': 37}
2025-09-17 18:44:49 | INFO | {'message': 'I just found JavaScript! It was amazing.', 'author': 'Alice', 'timestamp': '2025-09-17 18:44:49', 'category': 'tech', 'sentiment': 0.64, 'keyword_mentioned': 'JavaScript', 'message_length': 40}
2025-09-17 18:44:50 | INFO | Sent message to Kafka topic 'project_json': {'message': 'I just found JavaScript! It was amazing.', 'author': 'Alice', 'timestamp': '2025-09-17 18:44:49', 'category': 'tech', 'sentiment': 0.64, 'keyword_mentioned': 'JavaScript', 'message_length': 40}
2025-09-17 18:44:55 | INFO | {'message': 'I just loved JavaScript! It was boring.', 'author': 'Bob', 'timestamp': '2025-09-17 18:44:55', 'category': 'tech', 'sentiment': 0.76, 'keyword_mentioned': 'JavaScript', 'message_length': 39}
2025-09-17 18:44:55 | INFO | Sent message to Kafka topic 'project_json': {'message': 'I just loved JavaScript! It was boring.', 'author': 'Bob', 'timestamp': '2025-09-17 18:44:55', 'category': 'tech', 'sentiment': 0.76, 'keyword_mentioned': 'JavaScript', 'message_length': 39}
2025-09-17 18:44:57 | INFO | Logging to file: logs/project_log.log
2025-09-17 18:44:57 | INFO | Log sanitization enabled, personal info removed
2025-09-17 18:44:57 | INFO | Project root: PROJECT_ROOT
2025-09-17 18:44:57 | INFO | Data folder: PROJECT_ROOT/data
2025-09-17 18:44:57 | INFO | Data file: PROJECT_ROOT/data/project_live.json
2025-09-17 18:44:57 | INFO | START consumer.
2025-09-17 18:45:00 | INFO | {'message': 'I just tried a meme! It was weird.', 'author': 'Alice', 'timestamp': '2025-09-17 18:45:00', 'category': 'humor', 'sentiment': 0.61, 'keyword_mentioned': 'meme', 'message_length': 34}
2025-09-17 18:45:00 | INFO | Sent message to Kafka topic 'project_json': {'message': 'I just tried a meme! It was weird.', 'author': 'Alice', 'timestamp': '2025-09-17 18:45:00', 'category': 'humor', 'sentiment': 0.61, 'keyword_mentioned': 'meme', 'message_length': 34}
2025-09-17 18:45:00 | INFO | Updated counts: {'Alice': 1}
2025-09-17 18:45:05 | INFO | {'message': 'I just saw Python! It was exciting.', 'author': 'Alice', 'timestamp': '2025-09-17 18:45:05', 'category': 'tech', 'sentiment': 0.21, 'keyword_mentioned': 'Python', 'message_length': 35}
2025-09-17 18:45:05 | INFO | Sent message to Kafka topic 'project_json': {'message': 'I just saw Python! It was exciting.', 'author': 'Alice', 'timestamp': '2025-09-17 18:45:05', 'category': 'tech', 'sentiment': 0.21, 'keyword_mentioned': 'Python', 'message_length': 35}
2025-09-17 18:45:05 | INFO | Updated counts: {'Alice': 2}
2025-09-17 18:45:10 | INFO | {'message': 'I just loved an app! It was weird.', 'author': 'Alice', 'timestamp': '2025-09-17 18:45:10', 'category': 'other', 'sentiment': 0.77, 'keyword_mentioned': 'other', 'message_length': 34}
2025-09-17 18:45:10 | INFO | Sent message to Kafka topic 'project_json': {'message': 'I just loved an app! It was weird.', 'author': 'Alice', 'timestamp': '2025-09-17 18:45:10', 'category': 'other', 'sentiment': 0.77, 'keyword_mentioned': 'other', 'message_length': 34}
2025-09-17 18:45:10 | INFO | Updated counts: {'Alice': 3}
2025-09-17 18:45:15 | INFO | {'message': 'I just loved game! It was boring.', 'author': 'Alice', 'timestamp': '2025-09-17 18:45:15', 'category': 'gaming', 'sentiment': 0.66, 'keyword_mentioned': 'game', 'message_length': 33}
2025-09-17 18:45:15 | INFO | Sent message to Kafka topic 'project_json': {'message': 'I just loved game! It was boring.', 'author': 'Alice', 'timestamp': '2025-09-17 18:45:15', 'category': 'gaming', 'sentiment': 0.66, 'keyword_mentioned': 'game', 'message_length': 33}
2025-09-17 18:45:15 | INFO | Updated counts: {'Alice': 4}
2025-09-17 18:45:20 | INFO | {'message': 'I just tried travel! It was weird.', 'author': 'Bob', 'timestamp': '2025-09-17 18:45:20', 'category': 'travel', 'sentiment': 0.95, 'keyword_mentioned': 'travel', 'message_length': 34}
2025-09-17 18:45:20 | INFO | Sent message to Kafka topic 'project_json': {'message': 'I just tried travel! It was weird.', 'author': 'Bob', 'timestamp': '2025-09-17 18:45:20', 'category': 'travel', 'sentiment': 0.95, 'keyword_mentioned': 'travel', 'message_length': 34}
2025-09-17 18:45:20 | INFO | Updated counts: {'Alice': 4, 'Bob': 1}
2025-09-17 18:45:25 | INFO | {'message': 'I just shared a trick! It was exciting.', 'author': 'Alice', 'timestamp': '2025-09-17 18:45:25', 'category': 'other', 'sentiment': 0.59, 'keyword_mentioned': 'other', 'message_length': 39}
2025-09-17 18:45:25 | INFO | Sent message to Kafka topic 'project_json': {'message': 'I just shared a trick! It was exciting.', 'author': 'Alice', 'timestamp': '2025-09-17 18:45:25', 'category': 'other', 'sentiment': 0.59, 'keyword_mentioned': 'other', 'message_length': 39}
2025-09-17 18:45:25 | INFO | Updated counts: {'Alice': 5, 'Bob': 1}
2025-09-17 18:45:30 | INFO | {'message': 'I just saw a story! It was exciting.', 'author': 'Bob', 'timestamp': '2025-09-17 18:45:30', 'category': 'other', 'sentiment': 0.79, 'keyword_mentioned': 'other', 'message_length': 36}
2025-09-17 18:45:30 | INFO | Sent message to Kafka topic 'project_json': {'message': 'I just saw a story! It was exciting.', 'author': 'Bob', 'timestamp': '2025-09-17 18:45:30', 'category': 'other', 'sentiment': 0.79, 'keyword_mentioned': 'other', 'message_length': 36}
2025-09-17 18:45:30 | INFO | Updated counts: {'Alice': 5, 'Bob': 2}
2025-09-17 18:45:35 | INFO | {'message': 'I just saw a trick! It was exciting.', 'author': 'Alice', 'timestamp': '2025-09-17 18:45:35', 'category': 'other', 'sentiment': 0.23, 'keyword_mentioned': 'other', 'message_length': 36}
2025-09-17 18:45:35 | INFO | Sent message to Kafka topic 'project_json': {'message': 'I just saw a trick! It was exciting.', 'author': 'Alice', 'timestamp': '2025-09-17 18:45:35', 'category': 'other', 'sentiment': 0.23, 'keyword_mentioned': 'other', 'message_length': 36}
2025-09-17 18:45:35 | INFO | Updated counts: {'Alice': 6, 'Bob': 2}
2025-09-17 18:45:40 | INFO | {'message': 'I just tried a story! It was exciting.', 'author': 'Bob', 'timestamp': '2025-09-17 18:45:40', 'category': 'other', 'sentiment': 0.54, 'keyword_mentioned': 'other', 'message_length': 38}
2025-09-17 18:45:40 | INFO | Sent message to Kafka topic 'project_json': {'message': 'I just tried a story! It was exciting.', 'author': 'Bob', 'timestamp': '2025-09-17 18:45:40', 'category': 'other', 'sentiment': 0.54, 'keyword_mentioned': 'other', 'message_length': 38}
2025-09-17 18:45:40 | INFO | Updated counts: {'Alice': 6, 'Bob': 3}
2025-09-17 18:45:45 | INFO | {'message': 'I just saw game! It was weird.', 'author': 'Bob', 'timestamp': '2025-09-17 18:45:45', 'category': 'gaming', 'sentiment': 0.65, 'keyword_mentioned': 'game', 'message_length': 30}
2025-09-17 18:45:45 | INFO | Sent message to Kafka topic 'project_json': {'message': 'I just saw game! It was weird.', 'author': 'Bob', 'timestamp': '2025-09-17 18:45:45', 'category': 'gaming', 'sentiment': 0.65, 'keyword_mentioned': 'game', 'message_length': 30}
2025-09-17 18:45:45 | INFO | Updated counts: {'Alice': 6, 'Bob': 4}
2025-09-17 18:45:50 | INFO | {'message': 'I just saw a movie! It was exciting.', 'author': 'Charlie', 'timestamp': '2025-09-17 18:45:50', 'category': 'entertainment', 'sentiment': 0.66, 'keyword_mentioned': 'movie', 'message_length': 36}
2025-09-17 18:45:50 | INFO | Sent message to Kafka topic 'project_json': {'message': 'I just saw a movie! It was exciting.', 'author': 'Charlie', 'timestamp': '2025-09-17 18:45:50', 'category': 'entertainment', 'sentiment': 0.66, 'keyword_mentioned': 'movie', 'message_length': 36}
2025-09-17 18:45:50 | INFO | Updated counts: {'Alice': 6, 'Bob': 4, 'Charlie': 1}
2025-09-17 18:45:55 | INFO | {'message': 'I just found a story! It was boring.', 'author': 'Bob', 'timestamp': '2025-09-17 18:45:55', 'category': 'other', 'sentiment': 0.77, 'keyword_mentioned': 'other', 'message_length': 36}
2025-09-17 18:45:55 | INFO | Sent message to Kafka topic 'project_json': {'message': 'I just found a story! It was boring.', 'author': 'Bob', 'timestamp': '2025-09-17 18:45:55', 'category': 'other', 'sentiment': 0.77, 'keyword_mentioned': 'other', 'message_length': 36}
2025-09-17 18:45:55 | INFO | Updated counts: {'Alice': 6, 'Bob': 5, 'Charlie': 1}
2025-09-17 18:46:00 | INFO | {'message': 'I just loved a trick! It was exciting.', 'author': 'Bob', 'timestamp': '2025-09-17 18:46:00', 'category': 'other', 'sentiment': 0.67, 'keyword_mentioned': 'other', 'message_length': 38}
2025-09-17 18:46:00 | INFO | Sent message to Kafka topic 'project_json': {'message': 'I just loved a trick! It was exciting.', 'author': 'Bob', 'timestamp': '2025-09-17 18:46:00', 'category': 'other', 'sentiment': 0.67, 'keyword_mentioned': 'other', 'message_length': 38}
2025-09-17 18:46:00 | INFO | Updated counts: {'Alice': 6, 'Bob': 6, 'Charlie': 1}
2025-09-17 18:46:05 | INFO | {'message': 'I just saw JavaScript! It was weird.', 'author': 'Eve', 'timestamp': '2025-09-17 18:46:05', 'category': 'tech', 'sentiment': 0.32, 'keyword_mentioned': 'JavaScript', 'message_length': 36}
2025-09-17 18:46:05 | INFO | Sent message to Kafka topic 'project_json': {'message': 'I just saw JavaScript! It was weird.', 'author': 'Eve', 'timestamp': '2025-09-17 18:46:05', 'category': 'tech', 'sentiment': 0.32, 'keyword_mentioned': 'JavaScript', 'message_length': 36}
2025-09-17 18:46:05 | INFO | Updated counts: {'Alice': 6, 'Bob': 6, 'Charlie': 1, 'Eve': 1}
2025-09-17 18:46:10 | INFO | {'message': 'I just found game! It was funny.', 'author': 'Alice', 'timestamp': '2025-09-17 18:46:10', 'category': 'gaming', 'sentiment': 0.55, 'keyword_mentioned': 'game', 'message_length': 32}
2025-09-17 18:46:10 | INFO | Sent message to Kafka topic 'project_json': {'message': 'I just found game! It was funny.', 'author': 'Alice', 'timestamp': '2025-09-17 18:46:10', 'category': 'gaming', 'sentiment': 0.55, 'keyword_mentioned': 'game', 'message_length': 32}
2025-09-17 18:46:10 | INFO | Updated counts: {'Alice': 7, 'Bob': 6, 'Charlie': 1, 'Eve': 1}
2025-09-17 18:46:15 | INFO | {'message': 'I just found a meme! It was exciting.', 'author': 'Eve', 'timestamp': '2025-09-17 18:46:15', 'category': 'humor', 'sentiment': 0.27, 'keyword_mentioned': 'meme', 'message_length': 37}
2025-09-17 18:46:15 | INFO | Sent message to Kafka topic 'project_json': {'message': 'I just found a meme! It was exciting.', 'author': 'Eve', 'timestamp': '2025-09-17 18:46:15', 'category': 'humor', 'sentiment': 0.27, 'keyword_mentioned': 'meme', 'message_length': 37}
2025-09-17 18:46:15 | INFO | Updated counts: {'Alice': 7, 'Bob': 6, 'Charlie': 1, 'Eve': 2}
2025-09-17 18:46:20 | INFO | {'message': 'I just shared a meme! It was funny.', 'author': 'Eve', 'timestamp': '2025-09-17 18:46:20', 'category': 'humor', 'sentiment': 0.82, 'keyword_mentioned': 'meme', 'message_length': 35}
2025-09-17 18:46:20 | INFO | Sent message to Kafka topic 'project_json': {'message': 'I just shared a meme! It was funny.', 'author': 'Eve', 'timestamp': '2025-09-17 18:46:20', 'category': 'humor', 'sentiment': 0.82, 'keyword_mentioned': 'meme', 'message_length': 35}
2025-09-17 18:46:20 | INFO | Updated counts: {'Alice': 7, 'Bob': 6, 'Charlie': 1, 'Eve': 3}
2025-09-17 18:46:25 | INFO | {'message': 'I just shared a meme! It was amazing.', 'author': 'Eve', 'timestamp': '2025-09-17 18:46:25', 'category': 'humor', 'sentiment': 0.48, 'keyword_mentioned': 'meme', 'message_length': 37}
2025-09-17 18:46:25 | INFO | Sent message to Kafka topic 'project_json': {'message': 'I just shared a meme! It was amazing.', 'author': 'Eve', 'timestamp': '2025-09-17 18:46:25', 'category': 'humor', 'sentiment': 0.48, 'keyword_mentioned': 'meme', 'message_length': 37}
2025-09-17 18:46:25 | INFO | Updated counts: {'Alice': 7, 'Bob': 6, 'Charlie': 1, 'Eve': 4}
2025-09-17 18:46:30 | INFO | {'message': 'I just loved a story! It was exciting.', 'author': 'Bob', 'timestamp': '2025-09-17 18:46:30', 'category': 'other', 'sentiment': 0.86, 'keyword_mentioned': 'other', 'message_length': 38}
2025-09-17 18:46:30 | INFO | Sent message to Kafka topic 'project_json': {'message': 'I just loved a story! It was exciting.', 'author': 'Bob', 'timestamp': '2025-09-17 18:46:30', 'category': 'other', 'sentiment': 0.86, 'keyword_mentioned': 'other', 'message_length': 38}
2025-09-17 18:46:30 | INFO | Updated counts: {'Alice': 7, 'Bob': 7, 'Charlie': 1, 'Eve': 4}
2025-09-17 18:46:35 | INFO | {'message': 'I just found Python! It was exciting.', 'author': 'Charlie', 'timestamp': '2025-09-17 18:46:35', 'category': 'tech', 'sentiment': 0.32, 'keyword_mentioned': 'Python', 'message_length': 37}
2025-09-17 18:46:35 | INFO | Sent message to Kafka topic 'project_json': {'message': 'I just found Python! It was exciting.', 'author': 'Charlie', 'timestamp': '2025-09-17 18:46:35', 'category': 'tech', 'sentiment': 0.32, 'keyword_mentioned': 'Python', 'message_length': 37}
2025-09-17 18:46:35 | INFO | Updated counts: {'Alice': 7, 'Bob': 7, 'Charlie': 2, 'Eve': 4}
2025-09-17 18:46:40 | INFO | {'message': 'I just tried Python! It was funny.', 'author': 'Bob', 'timestamp': '2025-09-17 18:46:40', 'category': 'tech', 'sentiment': 0.92, 'keyword_mentioned': 'Python', 'message_length': 34}
2025-09-17 18:46:40 | INFO | Sent message to Kafka topic 'project_json': {'message': 'I just tried Python! It was funny.', 'author': 'Bob', 'timestamp': '2025-09-17 18:46:40', 'category': 'tech', 'sentiment': 0.92, 'keyword_mentioned': 'Python', 'message_length': 34}
2025-09-17 18:46:40 | INFO | Updated counts: {'Alice': 7, 'Bob': 8, 'Charlie': 2, 'Eve': 4}
2025-09-17 18:46:45 | INFO | {'message': 'I just shared game! It was funny.', 'author': 'Charlie', 'timestamp': '2025-09-17 18:46:45', 'category': 'gaming', 'sentiment': 0.02, 'keyword_mentioned': 'game', 'message_length': 33}
2025-09-17 18:46:45 | INFO | Sent message to Kafka topic 'project_json': {'message': 'I just shared game! It was funny.', 'author': 'Charlie', 'timestamp': '2025-09-17 18:46:45', 'category': 'gaming', 'sentiment': 0.02, 'keyword_mentioned': 'game', 'message_length': 33}
2025-09-17 18:46:45 | INFO | Updated counts: {'Alice': 7, 'Bob': 8, 'Charlie': 3, 'Eve': 4}
2025-09-17 18:46:50 | INFO | {'message': 'I just loved a story! It was exciting.', 'author': 'Charlie', 'timestamp': '2025-09-17 18:46:50', 'category': 'other', 'sentiment': 0.83, 'keyword_mentioned': 'other', 'message_length': 38}
2025-09-17 18:46:50 | INFO | Sent message to Kafka topic 'project_json': {'message': 'I just loved a story! It was exciting.', 'author': 'Charlie', 'timestamp': '2025-09-17 18:46:50', 'category': 'other', 'sentiment': 0.83, 'keyword_mentioned': 'other', 'message_length': 38}
2025-09-17 18:46:50 | INFO | Updated counts: {'Alice': 7, 'Bob': 8, 'Charlie': 4, 'Eve': 4}
2025-09-17 18:46:53 | INFO | Consumer interrupted by user.
2025-09-17 18:46:55 | INFO | {'message': 'I just shared game! It was weird.', 'author': 'Charlie', 'timestamp': '2025-09-17 18:46:55', 'category': 'gaming', 'sentiment': 0.56, 'keyword_mentioned': 'game', 'message_length': 33}
2025-09-17 18:46:55 | INFO | Sent message to Kafka topic 'project_json': {'message': 'I just shared game! It was weird.', 'author': 'Charlie', 'timestamp': '2025-09-17 18:46:55', 'category': 'gaming', 'sentiment': 0.56, 'keyword_mentioned': 'game', 'message_length': 33}
2025-09-17 18:46:55 | INFO | Consumer closed.
2025-09-17 18:47:00 | INFO | {'message': 'I just tried a story! It was exciting.', 'author': 'Bob', 'timestamp': '2025-09-17 18:47:00', 'category': 'other', 'sentiment': 0.29, 'keyword_mentioned': 'other', 'message_length': 38}
2025-09-17 18:47:00 | INFO | Sent message to Kafka topic 'project_json': {'message': 'I just tried a story! It was exciting.', 'author': 'Bob', 'timestamp': '2025-09-17 18:47:00', 'category': 'other', 'sentiment': 0.29, 'keyword_mentioned': 'other', 'message_length': 38}
2025-09-17 18:47:05 | INFO | {'message': 'I just loved a meme! It was weird.', 'author': 'Bob', 'timestamp': '2025-09-17 18:47:05', 'category': 'humor', 'sentiment': 0.54, 'keyword_mentioned': 'meme', 'message_length': 34}
2025-09-17 18:47:05 | INFO | Sent message to Kafka topic 'project_json': {'message': 'I just loved a meme! It was weird.', 'author': 'Bob', 'timestamp': '2025-09-17 18:47:05', 'category': 'humor', 'sentiment': 0.54, 'keyword_mentioned': 'meme', 'message_length': 34}
2025-09-17 18:47:10 | INFO | {'message': 'I just loved recipe! It was funny.', 'author': 'Bob', 'timestamp': '2025-09-17 18:47:10', 'category': 'food', 'sentiment': 0.34, 'keyword_mentioned': 'recipe', 'message_length': 34}
2025-09-17 18:47:10 | INFO | Sent message to Kafka topic 'project_json': {'message': 'I just loved recipe! It was funny.', 'author': 'Bob', 'timestamp': '2025-09-17 18:47:10', 'category': 'food', 'sentiment': 0.34, 'keyword_mentioned': 'recipe', 'message_length': 34}
2025-09-17 18:47:15 | INFO | {'message': 'I just saw Python! It was boring.', 'author': 'Alice', 'timestamp': '2025-09-17 18:47:15', 'category': 'tech', 'sentiment': 0.06, 'keyword_mentioned': 'Python', 'message_length': 33}
2025-09-17 18:47:15 | INFO | Sent message to Kafka topic 'project_json': {'message': 'I just saw Python! It was boring.', 'author': 'Alice', 'timestamp': '2025-09-17 18:47:15', 'category': 'tech', 'sentiment': 0.06, 'keyword_mentioned': 'Python', 'message_length': 33}
2025-09-17 18:47:20 | INFO | {'message': 'I just shared recipe! It was exciting.', 'author': 'Bob', 'timestamp': '2025-09-17 18:47:20', 'category': 'food', 'sentiment': 0.96, 'keyword_mentioned': 'recipe', 'message_length': 38}
2025-09-17 18:47:20 | INFO | Sent message to Kafka topic 'project_json': {'message': 'I just shared recipe! It was exciting.', 'author': 'Bob', 'timestamp': '2025-09-17 18:47:20', 'category': 'food', 'sentiment': 0.96, 'keyword_mentioned': 'recipe', 'message_length': 38}
2025-09-17 18:47:25 | INFO | {'message': 'I just found a meme! It was boring.', 'author': 'Charlie', 'timestamp': '2025-09-17 18:47:25', 'category': 'humor', 'sentiment': 0.82, 'keyword_mentioned': 'meme', 'message_length': 35}
2025-09-17 18:47:25 | INFO | Sent message to Kafka topic 'project_json': {'message': 'I just found a meme! It was boring.', 'author': 'Charlie', 'timestamp': '2025-09-17 18:47:25', 'category': 'humor', 'sentiment': 0.82, 'keyword_mentioned': 'meme', 'message_length': 35}
2025-09-17 18:47:30 | INFO | {'message': 'I just saw an app! It was weird.', 'author': 'Alice', 'timestamp': '2025-09-17 18:47:30', 'category': 'other', 'sentiment': 0.89, 'keyword_mentioned': 'other', 'message_length': 32}
2025-09-17 18:47:30 | INFO | Sent message to Kafka topic 'project_json': {'message': 'I just saw an app! It was weird.', 'author': 'Alice', 'timestamp': '2025-09-17 18:47:30', 'category': 'other', 'sentiment': 0.89, 'keyword_mentioned': 'other', 'message_length': 32}
2025-09-17 18:47:35 | INFO | {'message': 'I just tried a trick! It was amazing.', 'author': 'Eve', 'timestamp': '2025-09-17 18:47:35', 'category': 'other', 'sentiment': 0.68, 'keyword_mentioned': 'other', 'message_length': 37}
2025-09-17 18:47:35 | INFO | Sent message to Kafka topic 'project_json': {'message': 'I just tried a trick! It was amazing.', 'author': 'Eve', 'timestamp': '2025-09-17 18:47:35', 'category': 'other', 'sentiment': 0.68, 'keyword_mentioned': 'other', 'message_length': 37}
2025-09-17 18:47:40 | INFO | {'message': 'I just found recipe! It was funny.', 'author': 'Bob', 'timestamp': '2025-09-17 18:47:40', 'category': 'food', 'sentiment': 0.35, 'keyword_mentioned': 'recipe', 'message_length': 34}
2025-09-17 18:47:40 | INFO | Sent message to Kafka topic 'project_json': {'message': 'I just found recipe! It was funny.', 'author': 'Bob', 'timestamp': '2025-09-17 18:47:40', 'category': 'food', 'sentiment': 0.35, 'keyword_mentioned': 'recipe', 'message_length': 34}
2025-09-17 18:47:45 | INFO | {'message': 'I just shared recipe! It was exciting.', 'author': 'Bob', 'timestamp': '2025-09-17 18:47:45', 'category': 'food', 'sentiment': 0.64, 'keyword_mentioned': 'recipe', 'message_length': 38}
2025-09-17 18:47:45 | INFO | Sent message to Kafka topic 'project_json': {'message': 'I just shared recipe! It was exciting.', 'author': 'Bob', 'timestamp': '2025-09-17 18:47:45', 'category': 'food', 'sentiment': 0.64, 'keyword_mentioned': 'recipe', 'message_length': 38}
2025-09-17 18:47:50 | INFO | {'message': 'I just tried a meme! It was exciting.', 'author': 'Eve', 'timestamp': '2025-09-17 18:47:50', 'category': 'humor', 'sentiment': 0.32, 'keyword_mentioned': 'meme', 'message_length': 37}
2025-09-17 18:47:50 | INFO | Sent message to Kafka topic 'project_json': {'message': 'I just tried a meme! It was exciting.', 'author': 'Eve', 'timestamp': '2025-09-17 18:47:50', 'category': 'humor', 'sentiment': 0.32, 'keyword_mentioned': 'meme', 'message_length': 37}
2025-09-17 18:47:55 | INFO | {'message': 'I just found a movie! It was exciting.', 'author': 'Eve', 'timestamp': '2025-09-17 18:47:55', 'category': 'entertainment', 'sentiment': 0.53, 'keyword_mentioned': 'movie', 'message_length': 38}
2025-09-17 18:47:55 | INFO | Sent message to Kafka topic 'project_json': {'message': 'I just found a movie! It was exciting.', 'author': 'Eve', 'timestamp': '2025-09-17 18:47:55', 'category': 'entertainment', 'sentiment': 0.53, 'keyword_mentioned': 'movie', 'message_length': 38}
2025-09-17 18:48:00 | INFO | {'message': 'I just found an app! It was boring.', 'author': 'Bob', 'timestamp': '2025-09-17 18:48:00', 'category': 'other', 'sentiment': 0.05, 'keyword_mentioned': 'other', 'message_length': 35}
2025-09-17 18:48:00 | INFO | Sent message to Kafka topic 'project_json': {'message': 'I just found an app! It was boring.', 'author': 'Bob', 'timestamp': '2025-09-17 18:48:00', 'category': 'other', 'sentiment': 0.05, 'keyword_mentioned': 'other', 'message_length': 35}
2025-09-17 18:48:05 | INFO | {'message': 'I just loved a trick! It was amazing.', 'author': 'Alice', 'timestamp': '2025-09-17 18:48:05', 'category': 'other', 'sentiment': 0.41, 'keyword_mentioned': 'other', 'message_length': 37}
2025-09-17 18:48:05 | INFO | Sent message to Kafka topic 'project_json': {'message': 'I just loved a trick! It was amazing.', 'author': 'Alice', 'timestamp': '2025-09-17 18:48:05', 'category': 'other', 'sentiment': 0.41, 'keyword_mentioned': 'other', 'message_length': 37}
2025-09-17 18:48:10 | INFO | {'message': 'I just tried recipe! It was weird.', 'author': 'Bob', 'timestamp': '2025-09-17 18:48:10', 'category': 'food', 'sentiment': 0.78, 'keyword_mentioned': 'recipe', 'message_length': 34}
2025-09-17 18:48:10 | INFO | Sent message to Kafka topic 'project_json': {'message': 'I just tried recipe! It was weird.', 'author': 'Bob', 'timestamp': '2025-09-17 18:48:10', 'category': 'food', 'sentiment': 0.78, 'keyword_mentioned': 'recipe', 'message_length': 34}
2025-09-17 18:48:15 | INFO | {'message': 'I just found travel! It was amazing.', 'author': 'Bob', 'timestamp': '2025-09-17 18:48:15', 'category': 'travel', 'sentiment': 0.94, 'keyword_mentioned': 'travel', 'message_length': 36}
2025-09-17 18:48:15 | INFO | Sent message to Kafka topic 'project_json': {'message': 'I just found travel! It was amazing.', 'author': 'Bob', 'timestamp': '2025-09-17 18:48:15', 'category': 'travel', 'sentiment': 0.94, 'keyword_mentioned': 'travel', 'message_length': 36}
2025-09-17 18:48:20 | INFO | {'message': 'I just tried a movie! It was exciting.', 'author': 'Charlie', 'timestamp': '2025-09-17 18:48:20', 'category': 'entertainment', 'sentiment': 0.34, 'keyword_mentioned': 'movie', 'message_length': 38}
2025-09-17 18:48:20 | INFO | Sent message to Kafka topic 'project_json': {'message': 'I just tried a movie! It was exciting.', 'author': 'Charlie', 'timestamp': '2025-09-17 18:48:20', 'category': 'entertainment', 'sentiment': 0.34, 'keyword_mentioned': 'movie', 'message_length': 38}
2025-09-17 18:48:25 | INFO | {'message': 'I just tried a trick! It was exciting.', 'author': 'Charlie', 'timestamp': '2025-09-17 18:48:25', 'category': 'other', 'sentiment': 0.21, 'keyword_mentioned': 'other', 'message_length': 38}
2025-09-17 18:48:25 | INFO | Sent message to Kafka topic 'project_json': {'message': 'I just tried a trick! It was exciting.', 'author': 'Charlie', 'timestamp': '2025-09-17 18:48:25', 'category': 'other', 'sentiment': 0.21, 'keyword_mentioned': 'other', 'message_length': 38}
2025-09-17 18:48:30 | INFO | {'message': 'I just saw a meme! It was amazing.', 'author': 'Bob', 'timestamp': '2025-09-17 18:48:30', 'category': 'humor', 'sentiment': 0.72, 'keyword_mentioned': 'meme', 'message_length': 34}
2025-09-17 18:48:30 | INFO | Sent message to Kafka topic 'project_json': {'message': 'I just saw a meme! It was amazing.', 'author': 'Bob', 'timestamp': '2025-09-17 18:48:30', 'category': 'humor', 'sentiment': 0.72, 'keyword_mentioned': 'meme', 'message_length': 34}
2025-09-17 18:48:35 | INFO | {'message': 'I just shared a trick! It was funny.', 'author': 'Eve', 'timestamp': '2025-09-17 18:48:35', 'category': 'other', 'sentiment': 0.71, 'keyword_mentioned': 'other', 'message_length': 36}
2025-09-17 18:48:35 | INFO | Sent message to Kafka topic 'project_json': {'message': 'I just shared a trick! It was funny.', 'author': 'Eve', 'timestamp': '2025-09-17 18:48:35', 'category': 'other', 'sentiment': 0.71, 'keyword_mentioned': 'other', 'message_length': 36}
2025-09-17 18:48:40 | INFO | {'message': 'I just saw JavaScript! It was boring.', 'author': 'Charlie', 'timestamp': '2025-09-17 18:48:40', 'category': 'tech', 'sentiment': 0.75, 'keyword_mentioned': 'JavaScript', 'message_length': 37}
2025-09-17 18:48:40 | INFO | Sent message to Kafka topic 'project_json': {'message': 'I just saw JavaScript! It was boring.', 'author': 'Charlie', 'timestamp': '2025-09-17 18:48:40', 'category': 'tech', 'sentiment': 0.75, 'keyword_mentioned': 'JavaScript', 'message_length': 37}
2025-09-17 18:48:45 | INFO | {'message': 'I just shared game! It was amazing.', 'author': 'Eve', 'timestamp': '2025-09-17 18:48:45', 'category': 'gaming', 'sentiment': 0.19, 'keyword_mentioned': 'game', 'message_length': 35}
2025-09-17 18:48:45 | INFO | Sent message to Kafka topic 'project_json': {'message': 'I just shared game! It was amazing.', 'author': 'Eve', 'timestamp': '2025-09-17 18:48:45', 'category': 'gaming', 'sentiment': 0.19, 'keyword_mentioned': 'game', 'message_length': 35}
2025-09-17 18:48:50 | INFO | {'message': 'I just tried a trick! It was amazing.', 'author': 'Eve', 'timestamp': '2025-09-17 18:48:50', 'category': 'other', 'sentiment': 0.68, 'keyword_mentioned': 'other', 'message_length': 37}
2025-09-17 18:48:50 | INFO | Sent message to Kafka topic 'project_json': {'message': 'I just tried a trick! It was amazing.', 'author': 'Eve', 'timestamp': '2025-09-17 18:48:50', 'category': 'other', 'sentiment': 0.68, 'keyword_mentioned': 'other', 'message_length': 37}
2025-09-17 18:48:55 | INFO | {'message': 'I just shared an app! It was exciting.', 'author': 'Eve', 'timestamp': '2025-09-17 18:48:55', 'category': 'other', 'sentiment': 0.34, 'keyword_mentioned': 'other', 'message_length': 38}
2025-09-17 18:48:55 | INFO | Sent message to Kafka topic 'project_json': {'message': 'I just shared an app! It was exciting.', 'author': 'Eve', 'timestamp': '2025-09-17 18:48:55', 'category': 'other', 'sentiment': 0.34, 'keyword_mentioned': 'other', 'message_length': 38}
2025-09-17 18:49:00 | INFO | {'message': 'I just shared travel! It was funny.', 'author': 'Eve', 'timestamp': '2025-09-17 18:49:00', 'category': 'travel', 'sentiment': 0.12, 'keyword_mentioned': 'travel', 'message_length': 35}
2025-09-17 18:49:00 | INFO | Sent message to Kafka topic 'project_json': {'message': 'I just shared travel! It was funny.', 'author': 'Eve', 'timestamp': '2025-09-17 18:49:00', 'category': 'travel', 'sentiment': 0.12, 'keyword_mentioned': 'travel', 'message_length': 35}
2025-09-17 18:49:05 | INFO | {'message': 'I just found game! It was amazing.', 'author': 'Bob', 'timestamp': '2025-09-17 18:49:05', 'category': 'gaming', 'sentiment': 0.69, 'keyword_mentioned': 'game', 'message_length': 34}
2025-09-17 18:49:05 | INFO | Sent message to Kafka topic 'project_json': {'message': 'I just found game! It was amazing.', 'author': 'Bob', 'timestamp': '2025-09-17 18:49:05', 'category': 'gaming', 'sentiment': 0.69, 'keyword_mentioned': 'game', 'message_length': 34}
2025-09-17 18:49:10 | INFO | {'message': 'I just found an app! It was exciting.', 'author': 'Charlie', 'timestamp': '2025-09-17 18:49:10', 'category': 'other', 'sentiment': 0.88, 'keyword_mentioned': 'other', 'message_length': 37}
2025-09-17 18:49:10 | INFO | Sent message to Kafka topic 'project_json': {'message': 'I just found an app! It was exciting.', 'author': 'Charlie', 'timestamp': '2025-09-17 18:49:10', 'category': 'other', 'sentiment': 0.88, 'keyword_mentioned': 'other', 'message_length': 37}
2025-09-17 18:49:15 | INFO | {'message': 'I just found an app! It was boring.', 'author': 'Bob', 'timestamp': '2025-09-17 18:49:15', 'category': 'other', 'sentiment': 0.53, 'keyword_mentioned': 'other', 'message_length': 35}
2025-09-17 18:49:15 | INFO | Sent message to Kafka topic 'project_json': {'message': 'I just found an app! It was boring.', 'author': 'Bob', 'timestamp': '2025-09-17 18:49:15', 'category': 'other', 'sentiment': 0.53, 'keyword_mentioned': 'other', 'message_length': 35}
2025-09-17 18:49:20 | INFO | {'message': 'I just tried JavaScript! It was boring.', 'author': 'Alice', 'timestamp': '2025-09-17 18:49:20', 'category': 'tech', 'sentiment': 0.13, 'keyword_mentioned': 'JavaScript', 'message_length': 39}
2025-09-17 18:49:20 | INFO | Sent message to Kafka topic 'project_json': {'message': 'I just tried JavaScript! It was boring.', 'author': 'Alice', 'timestamp': '2025-09-17 18:49:20', 'category': 'tech', 'sentiment': 0.13, 'keyword_mentioned': 'JavaScript', 'message_length': 39}
2025-09-17 18:49:25 | INFO | {'message': 'I just tried a trick! It was amazing.', 'author': 'Alice', 'timestamp': '2025-09-17 18:49:25', 'category': 'other', 'sentiment': 0.96, 'keyword_mentioned': 'other', 'message_length': 37}
