2025-09-16 21:18:38 | INFO | Sent message to topic 'buzzline_json': {'message': 'This is a buzz message.', 'author': 'Eve'}
2025-09-16 21:18:41 | INFO | Sent message to topic 'buzzline_json': {'message': 'JSON makes life easier.', 'author': 'Eve'}
2025-09-16 21:18:42 | WARNING | Producer interrupted by user.
2025-09-16 21:18:42 | INFO | Kafka producer closed.
2025-09-16 21:18:42 | INFO | END producer.
2025-09-16 21:18:56 | INFO | Logging to file: logs/project_log.log
2025-09-16 21:18:56 | INFO | Log sanitization enabled, personal info removed
2025-09-16 21:18:56 | INFO | Project root: PROJECT_ROOT
2025-09-16 21:18:56 | INFO | Data folder: PROJECT_ROOT/data
2025-09-16 21:18:56 | INFO | Data file: PROJECT_ROOT/data/buzz.json
2025-09-16 21:18:56 | INFO | START producer.
2025-09-16 21:18:56 | INFO | Kafka broker address: localhost:9092
2025-09-16 21:18:57 | INFO | Kafka is ready. Brokers: {'throttle_time_ms': 0, 'brokers': [{'node_id': 1, 'host': 'localhost', 'port': 9092, 'rack': None}], 'cluster_id': 'JjY4WKawQ-GFC8VniCM2Xw', 'controller_id': 1}
2025-09-16 21:18:57 | INFO | Kafka topic: buzzline_json
2025-09-16 21:18:57 | INFO | Message interval: 3 seconds
2025-09-16 21:18:57 | INFO | Kafka broker address: localhost:9092
2025-09-16 21:18:57 | INFO | Connecting to Kafka broker at localhost:9092...
2025-09-16 21:18:57 | INFO | Kafka producer successfully created.
2025-09-16 21:18:57 | INFO | Kafka broker address: localhost:9092
2025-09-16 21:18:57 | INFO | Topic 'buzzline_json' already exists. Recreating fresh...
2025-09-16 21:18:57 | INFO | Requested deletion of topic 'buzzline_json'.
2025-09-16 21:18:57 | INFO | Topic 'buzzline_json' created successfully.
2025-09-16 21:18:57 | INFO | Kafka topic 'buzzline_json' is ready.
2025-09-16 21:18:57 | INFO | Starting message production to topic 'buzzline_json'...
2025-09-16 21:18:57 | INFO | Opening data file in read mode: PROJECT_ROOT/data/buzz.json
2025-09-16 21:18:57 | INFO | Reading data from file: PROJECT_ROOT/data/buzz.json
2025-09-16 21:18:57 | INFO | Sent message to topic 'buzzline_json': {'message': 'Data engineering is my passion.', 'author': 'Eve'}
2025-09-16 21:19:00 | INFO | Sent message to topic 'buzzline_json': {'message': 'Distributed systems are fascinating.', 'author': 'Alice'}
2025-09-16 21:19:03 | INFO | Sent message to topic 'buzzline_json': {'message': 'Have a great day!', 'author': 'Charlie'}
2025-09-16 21:19:06 | INFO | Sent message to topic 'buzzline_json': {'message': 'Data engineering is my passion.', 'author': 'Alice'}
2025-09-16 21:19:07 | INFO | Logging to file: logs/project_log.log
2025-09-16 21:19:07 | INFO | Log sanitization enabled, personal info removed
2025-09-16 21:19:07 | INFO | START consumer.
2025-09-16 21:19:07 | INFO | Kafka topic: buzzline_json
2025-09-16 21:19:07 | INFO | Kafka consumer group id: buzz_group
2025-09-16 21:19:07 | INFO | Consumer: Topic 'buzzline_json' and group 'buzz_group'...
2025-09-16 21:19:07 | INFO | Kafka broker address: localhost:9092
2025-09-16 21:19:07 | INFO | Creating Kafka consumer. Topic='buzzline_json' and group ID='buzz_group'.
2025-09-16 21:19:07 | INFO | Kafka consumer created successfully.
2025-09-16 21:19:07 | INFO | Polling messages from topic 'buzzline_json'...
2025-09-16 21:19:09 | INFO | Sent message to topic 'buzzline_json': {'message': 'Distributed systems are fascinating.', 'author': 'Diana'}
2025-09-16 21:19:10 | INFO | Processed JSON message: {'message': 'Distributed systems are fascinating.', 'author': 'Alice'}
2025-09-16 21:19:10 | INFO | Message received from author: Alice
2025-09-16 21:19:10 | INFO | Updated author counts: {'Alice': 1}
2025-09-16 21:19:11 | INFO | Chart updated successfully for message: {"message": "Distributed systems are fascinating.", "author": "Alice"}
2025-09-16 21:19:11 | INFO | Processed JSON message: {'message': 'Have a great day!', 'author': 'Charlie'}
2025-09-16 21:19:11 | INFO | Message received from author: Charlie
2025-09-16 21:19:11 | INFO | Updated author counts: {'Alice': 1, 'Charlie': 1}
2025-09-16 21:19:11 | INFO | Chart updated successfully for message: {"message": "Have a great day!", "author": "Charlie"}
2025-09-16 21:19:11 | INFO | Processed JSON message: {'message': 'Data engineering is my passion.', 'author': 'Alice'}
2025-09-16 21:19:11 | INFO | Message received from author: Alice
2025-09-16 21:19:11 | INFO | Updated author counts: {'Alice': 2, 'Charlie': 1}
2025-09-16 21:19:11 | INFO | Chart updated successfully for message: {"message": "Data engineering is my passion.", "author": "Alice"}
2025-09-16 21:19:11 | INFO | Processed JSON message: {'message': 'Distributed systems are fascinating.', 'author': 'Diana'}
2025-09-16 21:19:11 | INFO | Message received from author: Diana
2025-09-16 21:19:11 | INFO | Updated author counts: {'Alice': 2, 'Charlie': 1, 'Diana': 1}
2025-09-16 21:19:11 | INFO | Chart updated successfully for message: {"message": "Distributed systems are fascinating.", "author": "Diana"}
2025-09-16 21:19:12 | INFO | Sent message to topic 'buzzline_json': {'message': 'Buzz messages for everyone.', 'author': 'Alice'}
2025-09-16 21:19:12 | INFO | Processed JSON message: {'message': 'Buzz messages for everyone.', 'author': 'Alice'}
2025-09-16 21:19:12 | INFO | Message received from author: Alice
2025-09-16 21:19:12 | INFO | Updated author counts: {'Alice': 3, 'Charlie': 1, 'Diana': 1}
2025-09-16 21:19:12 | INFO | Chart updated successfully for message: {"message": "Buzz messages for everyone.", "author": "Alice"}
2025-09-16 21:19:15 | INFO | Processed JSON message: {'message': 'Hello, Kafka world!', 'author': 'Diana'}
2025-09-16 21:19:15 | INFO | Message received from author: Diana
2025-09-16 21:19:15 | INFO | Updated author counts: {'Alice': 3, 'Charlie': 1, 'Diana': 2}
2025-09-16 21:19:15 | INFO | Sent message to topic 'buzzline_json': {'message': 'Hello, Kafka world!', 'author': 'Diana'}
2025-09-16 21:19:15 | INFO | Chart updated successfully for message: {"message": "Hello, Kafka world!", "author": "Diana"}
2025-09-16 21:19:18 | INFO | Sent message to topic 'buzzline_json': {'message': 'This is a buzz message.', 'author': 'Eve'}
2025-09-16 21:19:18 | INFO | Processed JSON message: {'message': 'This is a buzz message.', 'author': 'Eve'}
2025-09-16 21:19:18 | INFO | Message received from author: Eve
2025-09-16 21:19:18 | INFO | Updated author counts: {'Alice': 3, 'Charlie': 1, 'Diana': 2, 'Eve': 1}
2025-09-16 21:19:18 | INFO | Chart updated successfully for message: {"message": "This is a buzz message.", "author": "Eve"}
2025-09-16 21:19:21 | INFO | Sent message to topic 'buzzline_json': {'message': 'JSON makes life easier.', 'author': 'Eve'}
2025-09-16 21:19:21 | INFO | Processed JSON message: {'message': 'JSON makes life easier.', 'author': 'Eve'}
2025-09-16 21:19:21 | INFO | Message received from author: Eve
2025-09-16 21:19:21 | INFO | Updated author counts: {'Alice': 3, 'Charlie': 1, 'Diana': 2, 'Eve': 2}
2025-09-16 21:19:21 | INFO | Chart updated successfully for message: {"message": "JSON makes life easier.", "author": "Eve"}
2025-09-16 21:19:24 | INFO | Sent message to topic 'buzzline_json': {'message': 'JSON makes life easier.', 'author': 'Alice'}
2025-09-16 21:19:24 | INFO | Processed JSON message: {'message': 'JSON makes life easier.', 'author': 'Alice'}
2025-09-16 21:19:24 | INFO | Message received from author: Alice
2025-09-16 21:19:24 | INFO | Updated author counts: {'Alice': 4, 'Charlie': 1, 'Diana': 2, 'Eve': 2}
2025-09-16 21:19:24 | INFO | Chart updated successfully for message: {"message": "JSON makes life easier.", "author": "Alice"}
2025-09-16 21:19:27 | INFO | Processed JSON message: {'message': 'Data engineering is my passion.', 'author': 'Diana'}
2025-09-16 21:19:27 | INFO | Message received from author: Diana
2025-09-16 21:19:27 | INFO | Updated author counts: {'Alice': 4, 'Charlie': 1, 'Diana': 3, 'Eve': 2}
2025-09-16 21:19:27 | INFO | Sent message to topic 'buzzline_json': {'message': 'Data engineering is my passion.', 'author': 'Diana'}
2025-09-16 21:19:27 | INFO | Chart updated successfully for message: {"message": "Data engineering is my passion.", "author": "Diana"}
2025-09-16 21:19:30 | INFO | Sent message to topic 'buzzline_json': {'message': 'JSON makes life easier.', 'author': 'Diana'}
2025-09-16 21:19:30 | INFO | Processed JSON message: {'message': 'JSON makes life easier.', 'author': 'Diana'}
2025-09-16 21:19:30 | INFO | Message received from author: Diana
2025-09-16 21:19:30 | INFO | Updated author counts: {'Alice': 4, 'Charlie': 1, 'Diana': 4, 'Eve': 2}
2025-09-16 21:19:30 | INFO | Chart updated successfully for message: {"message": "JSON makes life easier.", "author": "Diana"}
2025-09-16 21:19:33 | INFO | Sent message to topic 'buzzline_json': {'message': 'Kafka is awesome.', 'author': 'Charlie'}
2025-09-16 21:19:33 | INFO | Processed JSON message: {'message': 'Kafka is awesome.', 'author': 'Charlie'}
2025-09-16 21:19:33 | INFO | Message received from author: Charlie
2025-09-16 21:19:33 | INFO | Updated author counts: {'Alice': 4, 'Charlie': 2, 'Diana': 4, 'Eve': 2}
2025-09-16 21:19:33 | INFO | Chart updated successfully for message: {"message": "Kafka is awesome.", "author": "Charlie"}
2025-09-16 21:19:36 | INFO | Sent message to topic 'buzzline_json': {'message': 'JSON makes life easier.', 'author': 'Bob'}
2025-09-16 21:19:36 | INFO | Processed JSON message: {'message': 'JSON makes life easier.', 'author': 'Bob'}
2025-09-16 21:19:36 | INFO | Message received from author: Bob
2025-09-16 21:19:36 | INFO | Updated author counts: {'Alice': 4, 'Charlie': 2, 'Diana': 4, 'Eve': 2, 'Bob': 1}
2025-09-16 21:19:36 | INFO | Chart updated successfully for message: {"message": "JSON makes life easier.", "author": "Bob"}
2025-09-16 21:19:39 | INFO | Sent message to topic 'buzzline_json': {'message': 'I love Python!', 'author': 'Bob'}
2025-09-16 21:19:39 | INFO | Processed JSON message: {'message': 'I love Python!', 'author': 'Bob'}
2025-09-16 21:19:39 | INFO | Message received from author: Bob
2025-09-16 21:19:39 | INFO | Updated author counts: {'Alice': 4, 'Charlie': 2, 'Diana': 4, 'Eve': 2, 'Bob': 2}
2025-09-16 21:19:39 | INFO | Chart updated successfully for message: {"message": "I love Python!", "author": "Bob"}
2025-09-16 21:19:42 | INFO | Sent message to topic 'buzzline_json': {'message': 'This is a buzz message.', 'author': 'Eve'}
2025-09-16 21:19:42 | INFO | Processed JSON message: {'message': 'This is a buzz message.', 'author': 'Eve'}
2025-09-16 21:19:42 | INFO | Message received from author: Eve
2025-09-16 21:19:42 | INFO | Updated author counts: {'Alice': 4, 'Charlie': 2, 'Diana': 4, 'Eve': 3, 'Bob': 2}
2025-09-16 21:19:42 | INFO | Chart updated successfully for message: {"message": "This is a buzz message.", "author": "Eve"}
2025-09-16 21:19:45 | INFO | Sent message to topic 'buzzline_json': {'message': 'I love Python!', 'author': 'Eve'}
2025-09-16 21:19:45 | INFO | Processed JSON message: {'message': 'I love Python!', 'author': 'Eve'}
2025-09-16 21:19:45 | INFO | Message received from author: Eve
2025-09-16 21:19:45 | INFO | Updated author counts: {'Alice': 4, 'Charlie': 2, 'Diana': 4, 'Eve': 4, 'Bob': 2}
2025-09-16 21:19:45 | INFO | Chart updated successfully for message: {"message": "I love Python!", "author": "Eve"}
2025-09-16 21:19:48 | INFO | Sent message to topic 'buzzline_json': {'message': 'Buzz messages for everyone.', 'author': 'Alice'}
2025-09-16 21:19:48 | INFO | Processed JSON message: {'message': 'Buzz messages for everyone.', 'author': 'Alice'}
2025-09-16 21:19:48 | INFO | Message received from author: Alice
2025-09-16 21:19:48 | INFO | Updated author counts: {'Alice': 5, 'Charlie': 2, 'Diana': 4, 'Eve': 4, 'Bob': 2}
2025-09-16 21:19:48 | INFO | Chart updated successfully for message: {"message": "Buzz messages for everyone.", "author": "Alice"}
2025-09-16 21:19:51 | INFO | Sent message to topic 'buzzline_json': {'message': 'This is a buzz message.', 'author': 'Alice'}
2025-09-16 21:19:51 | INFO | Processed JSON message: {'message': 'This is a buzz message.', 'author': 'Alice'}
2025-09-16 21:19:51 | INFO | Message received from author: Alice
2025-09-16 21:19:51 | INFO | Updated author counts: {'Alice': 6, 'Charlie': 2, 'Diana': 4, 'Eve': 4, 'Bob': 2}
2025-09-16 21:19:51 | INFO | Chart updated successfully for message: {"message": "This is a buzz message.", "author": "Alice"}
2025-09-16 21:19:54 | INFO | Processed JSON message: {'message': 'Data engineering is my passion.', 'author': 'Diana'}
2025-09-16 21:19:54 | INFO | Message received from author: Diana
2025-09-16 21:19:54 | INFO | Updated author counts: {'Alice': 6, 'Charlie': 2, 'Diana': 5, 'Eve': 4, 'Bob': 2}
2025-09-16 21:19:54 | INFO | Sent message to topic 'buzzline_json': {'message': 'Data engineering is my passion.', 'author': 'Diana'}
2025-09-16 21:19:54 | INFO | Chart updated successfully for message: {"message": "Data engineering is my passion.", "author": "Diana"}
2025-09-16 21:19:57 | INFO | Sent message to topic 'buzzline_json': {'message': 'I love Python!', 'author': 'Eve'}
2025-09-16 21:19:57 | INFO | Processed JSON message: {'message': 'I love Python!', 'author': 'Eve'}
2025-09-16 21:19:57 | INFO | Message received from author: Eve
2025-09-16 21:19:57 | INFO | Updated author counts: {'Alice': 6, 'Charlie': 2, 'Diana': 5, 'Eve': 5, 'Bob': 2}
2025-09-16 21:19:57 | INFO | Chart updated successfully for message: {"message": "I love Python!", "author": "Eve"}
2025-09-16 21:20:00 | INFO | Sent message to topic 'buzzline_json': {'message': 'JSON makes life easier.', 'author': 'Charlie'}
2025-09-16 21:20:00 | INFO | Processed JSON message: {'message': 'JSON makes life easier.', 'author': 'Charlie'}
2025-09-16 21:20:00 | INFO | Message received from author: Charlie
2025-09-16 21:20:00 | INFO | Updated author counts: {'Alice': 6, 'Charlie': 3, 'Diana': 5, 'Eve': 5, 'Bob': 2}
2025-09-16 21:20:00 | INFO | Chart updated successfully for message: {"message": "JSON makes life easier.", "author": "Charlie"}
2025-09-16 21:20:03 | INFO | Sent message to topic 'buzzline_json': {'message': 'Have a great day!', 'author': 'Bob'}
2025-09-16 21:20:03 | INFO | Processed JSON message: {'message': 'Have a great day!', 'author': 'Bob'}
2025-09-16 21:20:03 | INFO | Message received from author: Bob
2025-09-16 21:20:03 | INFO | Updated author counts: {'Alice': 6, 'Charlie': 3, 'Diana': 5, 'Eve': 5, 'Bob': 3}
2025-09-16 21:20:03 | INFO | Chart updated successfully for message: {"message": "Have a great day!", "author": "Bob"}
2025-09-16 21:20:06 | INFO | Sent message to topic 'buzzline_json': {'message': 'Data engineering is my passion.', 'author': 'Alice'}
2025-09-16 21:20:06 | INFO | Processed JSON message: {'message': 'Data engineering is my passion.', 'author': 'Alice'}
2025-09-16 21:20:06 | INFO | Message received from author: Alice
2025-09-16 21:20:06 | INFO | Updated author counts: {'Alice': 7, 'Charlie': 3, 'Diana': 5, 'Eve': 5, 'Bob': 3}
2025-09-16 21:20:06 | INFO | Chart updated successfully for message: {"message": "Data engineering is my passion.", "author": "Alice"}
2025-09-16 21:20:09 | INFO | Sent message to topic 'buzzline_json': {'message': 'Kafka is awesome.', 'author': 'Diana'}
2025-09-16 21:20:09 | INFO | Processed JSON message: {'message': 'Kafka is awesome.', 'author': 'Diana'}
2025-09-16 21:20:09 | INFO | Message received from author: Diana
2025-09-16 21:20:09 | INFO | Updated author counts: {'Alice': 7, 'Charlie': 3, 'Diana': 6, 'Eve': 5, 'Bob': 3}
2025-09-16 21:20:09 | INFO | Chart updated successfully for message: {"message": "Kafka is awesome.", "author": "Diana"}
2025-09-16 21:20:12 | INFO | Sent message to topic 'buzzline_json': {'message': 'Kafka is awesome.', 'author': 'Diana'}
2025-09-16 21:20:12 | INFO | Processed JSON message: {'message': 'Kafka is awesome.', 'author': 'Diana'}
2025-09-16 21:20:12 | INFO | Message received from author: Diana
2025-09-16 21:20:12 | INFO | Updated author counts: {'Alice': 7, 'Charlie': 3, 'Diana': 7, 'Eve': 5, 'Bob': 3}
2025-09-16 21:20:13 | INFO | Chart updated successfully for message: {"message": "Kafka is awesome.", "author": "Diana"}
2025-09-16 21:20:15 | INFO | Sent message to topic 'buzzline_json': {'message': 'Hello, Kafka world!', 'author': 'Bob'}
2025-09-16 21:20:15 | INFO | Processed JSON message: {'message': 'Hello, Kafka world!', 'author': 'Bob'}
2025-09-16 21:20:15 | INFO | Message received from author: Bob
2025-09-16 21:20:15 | INFO | Updated author counts: {'Alice': 7, 'Charlie': 3, 'Diana': 7, 'Eve': 5, 'Bob': 4}
2025-09-16 21:20:16 | INFO | Chart updated successfully for message: {"message": "Hello, Kafka world!", "author": "Bob"}
2025-09-16 21:20:18 | INFO | Sent message to topic 'buzzline_json': {'message': 'Distributed systems are fascinating.', 'author': 'Diana'}
2025-09-16 21:20:18 | INFO | Processed JSON message: {'message': 'Distributed systems are fascinating.', 'author': 'Diana'}
2025-09-16 21:20:18 | INFO | Message received from author: Diana
2025-09-16 21:20:18 | INFO | Updated author counts: {'Alice': 7, 'Charlie': 3, 'Diana': 8, 'Eve': 5, 'Bob': 4}
2025-09-16 21:20:18 | INFO | Chart updated successfully for message: {"message": "Distributed systems are fascinating.", "author": "Diana"}
2025-09-16 21:20:21 | INFO | Sent message to topic 'buzzline_json': {'message': 'I love Python!', 'author': 'Diana'}
2025-09-16 21:20:21 | INFO | Processed JSON message: {'message': 'I love Python!', 'author': 'Diana'}
2025-09-16 21:20:21 | INFO | Message received from author: Diana
2025-09-16 21:20:21 | INFO | Updated author counts: {'Alice': 7, 'Charlie': 3, 'Diana': 9, 'Eve': 5, 'Bob': 4}
2025-09-16 21:20:22 | INFO | Chart updated successfully for message: {"message": "I love Python!", "author": "Diana"}
2025-09-16 21:20:24 | INFO | Sent message to topic 'buzzline_json': {'message': 'Have a great day!', 'author': 'Alice'}
2025-09-16 21:20:24 | INFO | Processed JSON message: {'message': 'Have a great day!', 'author': 'Alice'}
2025-09-16 21:20:24 | INFO | Message received from author: Alice
2025-09-16 21:20:24 | INFO | Updated author counts: {'Alice': 8, 'Charlie': 3, 'Diana': 9, 'Eve': 5, 'Bob': 4}
2025-09-16 21:20:25 | INFO | Chart updated successfully for message: {"message": "Have a great day!", "author": "Alice"}
2025-09-16 21:20:27 | INFO | Sent message to topic 'buzzline_json': {'message': 'Hello, Kafka world!', 'author': 'Charlie'}
2025-09-16 21:20:27 | INFO | Processed JSON message: {'message': 'Hello, Kafka world!', 'author': 'Charlie'}
2025-09-16 21:20:27 | INFO | Message received from author: Charlie
2025-09-16 21:20:27 | INFO | Updated author counts: {'Alice': 8, 'Charlie': 4, 'Diana': 9, 'Eve': 5, 'Bob': 4}
2025-09-16 21:20:27 | INFO | Chart updated successfully for message: {"message": "Hello, Kafka world!", "author": "Charlie"}
2025-09-16 21:20:28 | WARNING | Producer interrupted by user.
2025-09-16 21:20:28 | INFO | Kafka producer closed.
2025-09-16 21:20:28 | INFO | END producer.
2025-09-16 21:20:32 | WARNING | Consumer interrupted by user.
2025-09-16 21:20:32 | INFO | Kafka consumer for topic 'buzzline_json' closed.
2025-09-16 21:20:32 | INFO | END consumer for topic 'buzzline_json' and group 'buzz_group'.
2025-09-16 21:20:42 | INFO | Logging to file: logs/project_log.log
2025-09-16 21:20:42 | INFO | Log sanitization enabled, personal info removed
2025-09-16 21:20:42 | INFO | Project root: PROJECT_ROOT
2025-09-16 21:20:42 | INFO | Data folder: PROJECT_ROOT/data
2025-09-16 21:20:42 | INFO | Data file: PROJECT_ROOT/data/smoker_temps.csv
2025-09-16 21:20:42 | INFO | START producer.
2025-09-16 21:20:42 | INFO | Kafka broker address: localhost:9092
2025-09-16 21:20:43 | INFO | Kafka is ready. Brokers: {'throttle_time_ms': 0, 'brokers': [{'node_id': 1, 'host': 'localhost', 'port': 9092, 'rack': None}], 'cluster_id': 'JjY4WKawQ-GFC8VniCM2Xw', 'controller_id': 1}
2025-09-16 21:20:43 | INFO | Kafka topic: smoker_csv
2025-09-16 21:20:43 | INFO | Message interval: 5 seconds
2025-09-16 21:20:43 | INFO | Kafka broker address: localhost:9092
2025-09-16 21:20:43 | INFO | Connecting to Kafka broker at localhost:9092...
2025-09-16 21:20:43 | INFO | Kafka producer successfully created.
2025-09-16 21:20:43 | INFO | Kafka broker address: localhost:9092
2025-09-16 21:20:43 | INFO | Topic 'smoker_csv' already exists. Recreating fresh...
2025-09-16 21:20:43 | INFO | Requested deletion of topic 'smoker_csv'.
2025-09-16 21:20:43 | INFO | Topic 'smoker_csv' created successfully.
2025-09-16 21:20:43 | INFO | Kafka topic 'smoker_csv' is ready.
2025-09-16 21:20:43 | INFO | Starting message production to topic 'smoker_csv'...
2025-09-16 21:20:43 | INFO | Opening data file in read mode: PROJECT_ROOT/data/smoker_temps.csv
2025-09-16 21:20:43 | INFO | Reading data from file: PROJECT_ROOT/data/smoker_temps.csv
2025-09-16 21:20:43 | INFO | Sent message to topic 'smoker_csv': {'timestamp': '2025-09-17T02:20:43.714124', 'temperature': 70.4}
2025-09-16 21:20:48 | INFO | Sent message to topic 'smoker_csv': {'timestamp': '2025-09-17T02:20:48.716044', 'temperature': 70.8}
2025-09-16 21:20:52 | INFO | Logging to file: logs/project_log.log
2025-09-16 21:20:52 | INFO | Log sanitization enabled, personal info removed
2025-09-16 21:20:52 | INFO | START consumer.
2025-09-16 21:20:52 | INFO | Kafka topic: smoker_csv
2025-09-16 21:20:52 | INFO | Kafka consumer group id: smoker_group
2025-09-16 21:20:52 | INFO | Rolling window size: 10
2025-09-16 21:20:52 | INFO | Consumer: Topic 'smoker_csv' and group 'smoker_group'...
2025-09-16 21:20:52 | INFO | Rolling window size: 10
2025-09-16 21:20:52 | INFO | Kafka broker address: localhost:9092
2025-09-16 21:20:52 | INFO | Creating Kafka consumer. Topic='smoker_csv' and group ID='smoker_group'.
2025-09-16 21:20:52 | INFO | Kafka consumer created successfully.
2025-09-16 21:20:52 | INFO | Polling messages from topic 'smoker_csv'...
2025-09-16 21:20:52 | ERROR | Error while consuming messages: Invalid file descriptor: -1
2025-09-16 21:20:53 | INFO | Sent message to topic 'smoker_csv': {'timestamp': '2025-09-17T02:20:53.720241', 'temperature': 71.2}
2025-09-16 21:20:55 | INFO | Kafka consumer for topic 'smoker_csv' closed.
2025-09-16 21:20:58 | INFO | Sent message to topic 'smoker_csv': {'timestamp': '2025-09-17T02:20:58.750730', 'temperature': 71.6}
2025-09-16 21:21:03 | INFO | Sent message to topic 'smoker_csv': {'timestamp': '2025-09-17T02:21:03.753997', 'temperature': 72.0}
2025-09-16 21:21:08 | INFO | Sent message to topic 'smoker_csv': {'timestamp': '2025-09-17T02:21:08.762756', 'temperature': 72.4}
2025-09-16 21:21:13 | INFO | Sent message to topic 'smoker_csv': {'timestamp': '2025-09-17T02:21:13.767176', 'temperature': 72.8}
2025-09-16 21:21:18 | INFO | Sent message to topic 'smoker_csv': {'timestamp': '2025-09-17T02:21:18.775601', 'temperature': 73.2}
2025-09-16 21:21:23 | INFO | Sent message to topic 'smoker_csv': {'timestamp': '2025-09-17T02:21:23.781295', 'temperature': 73.6}
2025-09-16 21:21:28 | INFO | Sent message to topic 'smoker_csv': {'timestamp': '2025-09-17T02:21:28.787103', 'temperature': 74.0}
2025-09-16 21:21:33 | INFO | Sent message to topic 'smoker_csv': {'timestamp': '2025-09-17T02:21:33.791062', 'temperature': 74.4}
2025-09-16 21:21:38 | INFO | Sent message to topic 'smoker_csv': {'timestamp': '2025-09-17T02:21:38.797650', 'temperature': 74.8}
2025-09-16 21:21:39 | INFO | Logging to file: logs/project_log.log
2025-09-16 21:21:39 | INFO | Log sanitization enabled, personal info removed
2025-09-16 21:21:39 | INFO | START consumer.
2025-09-16 21:21:39 | INFO | Kafka topic: smoker_csv
2025-09-16 21:21:39 | INFO | Kafka consumer group id: smoker_group
2025-09-16 21:21:39 | INFO | Rolling window size: 10
2025-09-16 21:21:39 | INFO | Consumer: Topic 'smoker_csv' and group 'smoker_group'...
2025-09-16 21:21:39 | INFO | Rolling window size: 10
2025-09-16 21:21:39 | INFO | Kafka broker address: localhost:9092
2025-09-16 21:21:39 | INFO | Creating Kafka consumer. Topic='smoker_csv' and group ID='smoker_group'.
2025-09-16 21:21:40 | INFO | Kafka consumer created successfully.
2025-09-16 21:21:40 | INFO | Polling messages from topic 'smoker_csv'...
2025-09-16 21:21:40 | ERROR | Error while consuming messages: Invalid file descriptor: -1
2025-09-16 21:21:43 | INFO | Kafka consumer for topic 'smoker_csv' closed.
2025-09-16 21:21:43 | INFO | Sent message to topic 'smoker_csv': {'timestamp': '2025-09-17T02:21:43.804013', 'temperature': 75.2}
2025-09-16 21:21:48 | INFO | Sent message to topic 'smoker_csv': {'timestamp': '2025-09-17T02:21:48.808509', 'temperature': 75.6}
2025-09-16 21:21:53 | INFO | Sent message to topic 'smoker_csv': {'timestamp': '2025-09-17T02:21:53.812944', 'temperature': 76.0}
2025-09-16 21:21:58 | INFO | Sent message to topic 'smoker_csv': {'timestamp': '2025-09-17T02:21:58.815913', 'temperature': 76.4}
2025-09-16 21:22:03 | INFO | Sent message to topic 'smoker_csv': {'timestamp': '2025-09-17T02:22:03.824661', 'temperature': 76.8}
2025-09-16 21:22:08 | INFO | Sent message to topic 'smoker_csv': {'timestamp': '2025-09-17T02:22:08.828624', 'temperature': 77.2}
2025-09-16 21:22:13 | INFO | Sent message to topic 'smoker_csv': {'timestamp': '2025-09-17T02:22:13.832224', 'temperature': 77.6}
2025-09-16 21:22:18 | INFO | Sent message to topic 'smoker_csv': {'timestamp': '2025-09-17T02:22:18.835542', 'temperature': 78.0}
2025-09-16 21:22:23 | INFO | Sent message to topic 'smoker_csv': {'timestamp': '2025-09-17T02:22:23.851146', 'temperature': 78.4}
2025-09-16 21:22:28 | INFO | Sent message to topic 'smoker_csv': {'timestamp': '2025-09-17T02:22:28.856580', 'temperature': 78.8}
2025-09-16 21:22:33 | INFO | Sent message to topic 'smoker_csv': {'timestamp': '2025-09-17T02:22:33.863382', 'temperature': 79.2}
2025-09-16 21:22:38 | INFO | Sent message to topic 'smoker_csv': {'timestamp': '2025-09-17T02:22:38.867899', 'temperature': 79.6}
2025-09-16 21:22:39 | INFO | Logging to file: logs/project_log.log
2025-09-16 21:22:39 | INFO | Log sanitization enabled, personal info removed
2025-09-16 21:22:40 | INFO | START consumer.
2025-09-16 21:22:40 | INFO | Kafka topic: smoker_csv
2025-09-16 21:22:40 | INFO | Kafka consumer group id: smoker_group
2025-09-16 21:22:40 | INFO | Rolling window size: 10
2025-09-16 21:22:40 | INFO | Consumer: Topic 'smoker_csv' and group 'smoker_group'...
2025-09-16 21:22:40 | INFO | Rolling window size: 10
2025-09-16 21:22:40 | INFO | Kafka broker address: localhost:9092
2025-09-16 21:22:40 | INFO | Creating Kafka consumer. Topic='smoker_csv' and group ID='smoker_group'.
2025-09-16 21:22:40 | INFO | Kafka consumer created successfully.
2025-09-16 21:22:40 | INFO | Polling messages from topic 'smoker_csv'...
2025-09-16 21:22:40 | ERROR | Error while consuming messages: Invalid file descriptor: -1
2025-09-16 21:22:40 | INFO | Kafka consumer for topic 'smoker_csv' closed.
2025-09-16 21:22:43 | INFO | Sent message to topic 'smoker_csv': {'timestamp': '2025-09-17T02:22:43.870778', 'temperature': 80.0}
2025-09-16 21:22:48 | INFO | Sent message to topic 'smoker_csv': {'timestamp': '2025-09-17T02:22:48.876507', 'temperature': 80.4}
2025-09-16 21:22:51 | WARNING | Producer interrupted by user.
2025-09-16 21:22:51 | INFO | Kafka producer closed.
2025-09-16 21:22:51 | INFO | END producer.
2025-09-16 21:23:07 | INFO | Logging to file: logs/project_log.log
2025-09-16 21:23:07 | INFO | Log sanitization enabled, personal info removed
2025-09-16 21:23:07 | INFO | START consumer.
2025-09-16 21:23:07 | INFO | Kafka topic: smoker_csv
2025-09-16 21:23:07 | INFO | Kafka consumer group id: smoker_group
2025-09-16 21:23:07 | INFO | Rolling window size: 10
2025-09-16 21:23:07 | INFO | Consumer: Topic 'smoker_csv' and group 'smoker_group'...
2025-09-16 21:23:07 | INFO | Rolling window size: 10
2025-09-16 21:23:07 | INFO | Kafka broker address: localhost:9092
2025-09-16 21:23:07 | INFO | Creating Kafka consumer. Topic='smoker_csv' and group ID='smoker_group'.
2025-09-16 21:23:07 | INFO | Kafka consumer created successfully.
2025-09-16 21:23:07 | INFO | Polling messages from topic 'smoker_csv'...
2025-09-16 21:23:11 | INFO | Processed JSON message: {'timestamp': '2025-09-17T02:20:43.714124', 'temperature': 70.4}
2025-09-16 21:23:11 | INFO | Processed JSON message: {'timestamp': '2025-09-17T02:20:48.716044', 'temperature': 70.8}
2025-09-16 21:23:11 | INFO | Processed JSON message: {'timestamp': '2025-09-17T02:20:53.720241', 'temperature': 71.2}
2025-09-16 21:23:11 | INFO | Processed JSON message: {'timestamp': '2025-09-17T02:20:58.750730', 'temperature': 71.6}
2025-09-16 21:23:11 | INFO | Processed JSON message: {'timestamp': '2025-09-17T02:21:03.753997', 'temperature': 72.0}
2025-09-16 21:23:11 | INFO | Processed JSON message: {'timestamp': '2025-09-17T02:21:08.762756', 'temperature': 72.4}
2025-09-16 21:23:11 | INFO | Processed JSON message: {'timestamp': '2025-09-17T02:21:13.767176', 'temperature': 72.8}
2025-09-16 21:23:11 | INFO | Processed JSON message: {'timestamp': '2025-09-17T02:21:18.775601', 'temperature': 73.2}
2025-09-16 21:23:11 | INFO | Processed JSON message: {'timestamp': '2025-09-17T02:21:23.781295', 'temperature': 73.6}
2025-09-16 21:23:11 | INFO | Processed JSON message: {'timestamp': '2025-09-17T02:21:28.787103', 'temperature': 74.0}
2025-09-16 21:23:12 | INFO | Processed JSON message: {'timestamp': '2025-09-17T02:21:33.791062', 'temperature': 74.4}
2025-09-16 21:23:12 | INFO | Processed JSON message: {'timestamp': '2025-09-17T02:21:38.797650', 'temperature': 74.8}
2025-09-16 21:23:12 | INFO | Processed JSON message: {'timestamp': '2025-09-17T02:21:43.804013', 'temperature': 75.2}
2025-09-16 21:23:12 | INFO | Processed JSON message: {'timestamp': '2025-09-17T02:21:48.808509', 'temperature': 75.6}
2025-09-16 21:23:12 | INFO | Processed JSON message: {'timestamp': '2025-09-17T02:21:53.812944', 'temperature': 76.0}
2025-09-16 21:23:12 | INFO | Processed JSON message: {'timestamp': '2025-09-17T02:21:58.815913', 'temperature': 76.4}
2025-09-16 21:23:12 | INFO | Processed JSON message: {'timestamp': '2025-09-17T02:22:03.824661', 'temperature': 76.8}
2025-09-16 21:23:12 | INFO | Processed JSON message: {'timestamp': '2025-09-17T02:22:08.828624', 'temperature': 77.2}
2025-09-16 21:23:12 | INFO | Processed JSON message: {'timestamp': '2025-09-17T02:22:13.832224', 'temperature': 77.6}
2025-09-16 21:23:12 | INFO | Processed JSON message: {'timestamp': '2025-09-17T02:22:18.835542', 'temperature': 78.0}
2025-09-16 21:23:12 | INFO | Processed JSON message: {'timestamp': '2025-09-17T02:22:23.851146', 'temperature': 78.4}
2025-09-16 21:23:13 | INFO | Processed JSON message: {'timestamp': '2025-09-17T02:22:28.856580', 'temperature': 78.8}
2025-09-16 21:23:13 | INFO | Processed JSON message: {'timestamp': '2025-09-17T02:22:33.863382', 'temperature': 79.2}
2025-09-16 21:23:13 | INFO | Processed JSON message: {'timestamp': '2025-09-17T02:22:38.867899', 'temperature': 79.6}
2025-09-16 21:23:13 | INFO | Processed JSON message: {'timestamp': '2025-09-17T02:22:43.870778', 'temperature': 80.0}
2025-09-16 21:23:13 | INFO | Processed JSON message: {'timestamp': '2025-09-17T02:22:48.876507', 'temperature': 80.4}
2025-09-16 21:24:21 | INFO | Logging to file: logs/project_log.log
2025-09-16 21:24:21 | INFO | Log sanitization enabled, personal info removed
2025-09-16 21:24:21 | INFO | Project root: PROJECT_ROOT
2025-09-16 21:24:21 | INFO | Data folder: PROJECT_ROOT/data
2025-09-16 21:24:21 | INFO | Data file: PROJECT_ROOT/data/smoker_temps.csv
2025-09-16 21:24:21 | INFO | START producer.
2025-09-16 21:24:21 | INFO | Kafka broker address: localhost:9092
2025-09-16 21:24:21 | INFO | Kafka is ready. Brokers: {'throttle_time_ms': 0, 'brokers': [{'node_id': 1, 'host': 'localhost', 'port': 9092, 'rack': None}], 'cluster_id': 'JjY4WKawQ-GFC8VniCM2Xw', 'controller_id': 1}
2025-09-16 21:24:21 | INFO | Kafka topic: smoker_csv
2025-09-16 21:24:21 | INFO | Message interval: 5 seconds
2025-09-16 21:24:21 | INFO | Kafka broker address: localhost:9092
2025-09-16 21:24:21 | INFO | Connecting to Kafka broker at localhost:9092...
2025-09-16 21:24:21 | INFO | Kafka producer successfully created.
2025-09-16 21:24:21 | INFO | Kafka broker address: localhost:9092
2025-09-16 21:24:22 | INFO | Topic 'smoker_csv' already exists. Recreating fresh...
2025-09-16 21:24:22 | INFO | Requested deletion of topic 'smoker_csv'.
2025-09-16 21:24:22 | INFO | Topic 'smoker_csv' created successfully.
2025-09-16 21:24:22 | INFO | Kafka topic 'smoker_csv' is ready.
2025-09-16 21:24:22 | INFO | Starting message production to topic 'smoker_csv'...
2025-09-16 21:24:22 | INFO | Opening data file in read mode: PROJECT_ROOT/data/smoker_temps.csv
2025-09-16 21:24:22 | INFO | Reading data from file: PROJECT_ROOT/data/smoker_temps.csv
2025-09-16 21:24:22 | INFO | Sent message to topic 'smoker_csv': {'timestamp': '2025-09-17T02:24:22.252385', 'temperature': 70.4}
2025-09-16 21:24:27 | INFO | Sent message to topic 'smoker_csv': {'timestamp': '2025-09-17T02:24:27.253727', 'temperature': 70.8}
2025-09-16 21:24:31 | INFO | Logging to file: logs/project_log.log
2025-09-16 21:24:31 | INFO | Log sanitization enabled, personal info removed
2025-09-16 21:24:32 | INFO | START consumer.
2025-09-16 21:24:32 | INFO | Kafka topic: smoker_csv
2025-09-16 21:24:32 | INFO | Kafka consumer group id: smoker_group
2025-09-16 21:24:32 | INFO | Rolling window size: 10
2025-09-16 21:24:32 | INFO | Consumer: Topic 'smoker_csv' and group 'smoker_group'...
2025-09-16 21:24:32 | INFO | Rolling window size: 10
2025-09-16 21:24:32 | INFO | Kafka broker address: localhost:9092
2025-09-16 21:24:32 | INFO | Creating Kafka consumer. Topic='smoker_csv' and group ID='smoker_group'.
2025-09-16 21:24:32 | INFO | Kafka consumer created successfully.
2025-09-16 21:24:32 | INFO | Polling messages from topic 'smoker_csv'...
2025-09-16 21:24:32 | ERROR | Error while consuming messages: Invalid file descriptor: -1
2025-09-16 21:24:32 | INFO | Sent message to topic 'smoker_csv': {'timestamp': '2025-09-17T02:24:32.257683', 'temperature': 71.2}
2025-09-16 21:24:35 | INFO | Kafka consumer for topic 'smoker_csv' closed.
2025-09-16 21:24:37 | INFO | Sent message to topic 'smoker_csv': {'timestamp': '2025-09-17T02:24:37.259619', 'temperature': 71.6}
2025-09-16 21:24:42 | INFO | Sent message to topic 'smoker_csv': {'timestamp': '2025-09-17T02:24:42.264224', 'temperature': 72.0}
2025-09-16 21:24:47 | INFO | Sent message to topic 'smoker_csv': {'timestamp': '2025-09-17T02:24:47.269563', 'temperature': 72.4}
2025-09-16 21:24:52 | INFO | Sent message to topic 'smoker_csv': {'timestamp': '2025-09-17T02:24:52.280889', 'temperature': 72.8}
2025-09-16 21:24:57 | INFO | Sent message to topic 'smoker_csv': {'timestamp': '2025-09-17T02:24:57.282887', 'temperature': 73.2}
2025-09-16 21:25:02 | INFO | Sent message to topic 'smoker_csv': {'timestamp': '2025-09-17T02:25:02.288509', 'temperature': 73.6}
2025-09-16 21:25:06 | INFO | Logging to file: logs/project_log.log
2025-09-16 21:25:06 | INFO | Log sanitization enabled, personal info removed
2025-09-16 21:25:06 | INFO | START consumer.
2025-09-16 21:25:06 | INFO | Kafka topic: smoker_csv
2025-09-16 21:25:06 | INFO | Kafka consumer group id: smoker_group
2025-09-16 21:25:06 | INFO | Rolling window size: 10
2025-09-16 21:25:06 | INFO | Consumer: Topic 'smoker_csv' and group 'smoker_group'...
2025-09-16 21:25:06 | INFO | Rolling window size: 10
2025-09-16 21:25:06 | INFO | Kafka broker address: localhost:9092
2025-09-16 21:25:06 | INFO | Creating Kafka consumer. Topic='smoker_csv' and group ID='smoker_group'.
2025-09-16 21:25:06 | INFO | Kafka consumer created successfully.
2025-09-16 21:25:06 | INFO | Polling messages from topic 'smoker_csv'...
2025-09-16 21:25:06 | ERROR | Error while consuming messages: Invalid file descriptor: -1
2025-09-16 21:25:07 | INFO | Sent message to topic 'smoker_csv': {'timestamp': '2025-09-17T02:25:07.290497', 'temperature': 74.0}
2025-09-16 21:25:09 | INFO | Kafka consumer for topic 'smoker_csv' closed.
2025-09-16 21:25:12 | INFO | Sent message to topic 'smoker_csv': {'timestamp': '2025-09-17T02:25:12.361723', 'temperature': 74.4}
2025-09-16 21:25:17 | INFO | Sent message to topic 'smoker_csv': {'timestamp': '2025-09-17T02:25:17.363415', 'temperature': 74.8}
2025-09-16 21:25:18 | WARNING | Producer interrupted by user.
2025-09-16 21:25:18 | INFO | Kafka producer closed.
2025-09-16 21:25:18 | INFO | END producer.
2025-09-16 21:25:25 | INFO | Logging to file: logs/project_log.log
2025-09-16 21:25:25 | INFO | Log sanitization enabled, personal info removed
2025-09-16 21:25:25 | INFO | START consumer.
2025-09-16 21:25:25 | INFO | Kafka topic: smoker_csv
2025-09-16 21:25:25 | INFO | Kafka consumer group id: smoker_group
2025-09-16 21:25:25 | INFO | Rolling window size: 10
2025-09-16 21:25:25 | INFO | Consumer: Topic 'smoker_csv' and group 'smoker_group'...
2025-09-16 21:25:25 | INFO | Rolling window size: 10
2025-09-16 21:25:25 | INFO | Kafka broker address: localhost:9092
2025-09-16 21:25:25 | INFO | Creating Kafka consumer. Topic='smoker_csv' and group ID='smoker_group'.
2025-09-16 21:25:25 | INFO | Kafka consumer created successfully.
2025-09-16 21:25:25 | INFO | Polling messages from topic 'smoker_csv'...
2025-09-16 21:25:28 | INFO | Processed JSON message: {'timestamp': '2025-09-17T02:24:22.252385', 'temperature': 70.4}
2025-09-16 21:25:28 | INFO | Processed JSON message: {'timestamp': '2025-09-17T02:24:27.253727', 'temperature': 70.8}
2025-09-16 21:25:29 | INFO | Processed JSON message: {'timestamp': '2025-09-17T02:24:32.257683', 'temperature': 71.2}
2025-09-16 21:25:29 | INFO | Processed JSON message: {'timestamp': '2025-09-17T02:24:37.259619', 'temperature': 71.6}
2025-09-16 21:25:29 | INFO | Processed JSON message: {'timestamp': '2025-09-17T02:24:42.264224', 'temperature': 72.0}
2025-09-16 21:25:29 | INFO | Processed JSON message: {'timestamp': '2025-09-17T02:24:47.269563', 'temperature': 72.4}
2025-09-16 21:25:29 | INFO | Processed JSON message: {'timestamp': '2025-09-17T02:24:52.280889', 'temperature': 72.8}
2025-09-16 21:25:29 | INFO | Processed JSON message: {'timestamp': '2025-09-17T02:24:57.282887', 'temperature': 73.2}
2025-09-16 21:25:29 | INFO | Processed JSON message: {'timestamp': '2025-09-17T02:25:02.288509', 'temperature': 73.6}
2025-09-16 21:25:29 | INFO | Processed JSON message: {'timestamp': '2025-09-17T02:25:07.290497', 'temperature': 74.0}
2025-09-16 21:25:29 | INFO | Processed JSON message: {'timestamp': '2025-09-17T02:25:12.361723', 'temperature': 74.4}
2025-09-16 21:25:29 | INFO | Processed JSON message: {'timestamp': '2025-09-17T02:25:17.363415', 'temperature': 74.8}
2025-09-17 18:18:44 | WARNING | Consumer interrupted by user.
2025-09-17 18:18:44 | INFO | Kafka consumer for topic 'smoker_csv' closed.
2025-09-17 18:23:10 | INFO | Logging to file: logs/project_log.log
2025-09-17 18:23:10 | INFO | Log sanitization enabled, personal info removed
2025-09-17 18:23:10 | INFO | START producer...
2025-09-17 18:23:10 | INFO | Kafka producer connected to localhost:9092
2025-09-17 18:23:10 | INFO | {'message': 'I just saw recipe! It was boring.', 'author': 'Bob', 'timestamp': '2025-09-17 18:23:10', 'category': 'food', 'sentiment': 0.58, 'keyword_mentioned': 'recipe', 'message_length': 33}
2025-09-17 18:23:10 | INFO | Sent message to Kafka topic 'project_json': {'message': 'I just saw recipe! It was boring.', 'author': 'Bob', 'timestamp': '2025-09-17 18:23:10', 'category': 'food', 'sentiment': 0.58, 'keyword_mentioned': 'recipe', 'message_length': 33}
2025-09-17 18:23:15 | INFO | {'message': 'I just found game! It was exciting.', 'author': 'Charlie', 'timestamp': '2025-09-17 18:23:15', 'category': 'gaming', 'sentiment': 0.96, 'keyword_mentioned': 'game', 'message_length': 35}
2025-09-17 18:23:15 | INFO | Sent message to Kafka topic 'project_json': {'message': 'I just found game! It was exciting.', 'author': 'Charlie', 'timestamp': '2025-09-17 18:23:15', 'category': 'gaming', 'sentiment': 0.96, 'keyword_mentioned': 'game', 'message_length': 35}
2025-09-17 18:23:20 | INFO | {'message': 'I just tried Python! It was boring.', 'author': 'Eve', 'timestamp': '2025-09-17 18:23:20', 'category': 'tech', 'sentiment': 0.3, 'keyword_mentioned': 'Python', 'message_length': 35}
2025-09-17 18:23:20 | INFO | Sent message to Kafka topic 'project_json': {'message': 'I just tried Python! It was boring.', 'author': 'Eve', 'timestamp': '2025-09-17 18:23:20', 'category': 'tech', 'sentiment': 0.3, 'keyword_mentioned': 'Python', 'message_length': 35}
2025-09-17 18:23:25 | INFO | {'message': 'I just found an app! It was boring.', 'author': 'Alice', 'timestamp': '2025-09-17 18:23:25', 'category': 'other', 'sentiment': 0.43, 'keyword_mentioned': 'other', 'message_length': 35}
2025-09-17 18:23:25 | INFO | Sent message to Kafka topic 'project_json': {'message': 'I just found an app! It was boring.', 'author': 'Alice', 'timestamp': '2025-09-17 18:23:25', 'category': 'other', 'sentiment': 0.43, 'keyword_mentioned': 'other', 'message_length': 35}
2025-09-17 18:23:30 | INFO | {'message': 'I just loved an app! It was amazing.', 'author': 'Eve', 'timestamp': '2025-09-17 18:23:30', 'category': 'other', 'sentiment': 0.36, 'keyword_mentioned': 'other', 'message_length': 36}
2025-09-17 18:23:30 | INFO | Sent message to Kafka topic 'project_json': {'message': 'I just loved an app! It was amazing.', 'author': 'Eve', 'timestamp': '2025-09-17 18:23:30', 'category': 'other', 'sentiment': 0.36, 'keyword_mentioned': 'other', 'message_length': 36}
2025-09-17 18:23:35 | INFO | {'message': 'I just shared a movie! It was weird.', 'author': 'Eve', 'timestamp': '2025-09-17 18:23:35', 'category': 'entertainment', 'sentiment': 0.06, 'keyword_mentioned': 'movie', 'message_length': 36}
2025-09-17 18:23:35 | INFO | Sent message to Kafka topic 'project_json': {'message': 'I just shared a movie! It was weird.', 'author': 'Eve', 'timestamp': '2025-09-17 18:23:35', 'category': 'entertainment', 'sentiment': 0.06, 'keyword_mentioned': 'movie', 'message_length': 36}
2025-09-17 18:23:40 | INFO | {'message': 'I just loved a meme! It was boring.', 'author': 'Alice', 'timestamp': '2025-09-17 18:23:40', 'category': 'humor', 'sentiment': 0.8, 'keyword_mentioned': 'meme', 'message_length': 35}
2025-09-17 18:23:40 | INFO | Sent message to Kafka topic 'project_json': {'message': 'I just loved a meme! It was boring.', 'author': 'Alice', 'timestamp': '2025-09-17 18:23:40', 'category': 'humor', 'sentiment': 0.8, 'keyword_mentioned': 'meme', 'message_length': 35}
2025-09-17 18:23:45 | INFO | {'message': 'I just shared Python! It was weird.', 'author': 'Bob', 'timestamp': '2025-09-17 18:23:45', 'category': 'tech', 'sentiment': 0.25, 'keyword_mentioned': 'Python', 'message_length': 35}
2025-09-17 18:23:45 | INFO | Sent message to Kafka topic 'project_json': {'message': 'I just shared Python! It was weird.', 'author': 'Bob', 'timestamp': '2025-09-17 18:23:45', 'category': 'tech', 'sentiment': 0.25, 'keyword_mentioned': 'Python', 'message_length': 35}
2025-09-17 18:23:50 | INFO | {'message': 'I just found a movie! It was exciting.', 'author': 'Charlie', 'timestamp': '2025-09-17 18:23:50', 'category': 'entertainment', 'sentiment': 0.5, 'keyword_mentioned': 'movie', 'message_length': 38}
2025-09-17 18:23:50 | INFO | Sent message to Kafka topic 'project_json': {'message': 'I just found a movie! It was exciting.', 'author': 'Charlie', 'timestamp': '2025-09-17 18:23:50', 'category': 'entertainment', 'sentiment': 0.5, 'keyword_mentioned': 'movie', 'message_length': 38}
2025-09-17 18:23:55 | INFO | {'message': 'I just found a movie! It was funny.', 'author': 'Charlie', 'timestamp': '2025-09-17 18:23:55', 'category': 'entertainment', 'sentiment': 0.24, 'keyword_mentioned': 'movie', 'message_length': 35}
2025-09-17 18:23:55 | INFO | Sent message to Kafka topic 'project_json': {'message': 'I just found a movie! It was funny.', 'author': 'Charlie', 'timestamp': '2025-09-17 18:23:55', 'category': 'entertainment', 'sentiment': 0.24, 'keyword_mentioned': 'movie', 'message_length': 35}
2025-09-17 18:24:00 | INFO | {'message': 'I just shared Python! It was amazing.', 'author': 'Charlie', 'timestamp': '2025-09-17 18:24:00', 'category': 'tech', 'sentiment': 0.35, 'keyword_mentioned': 'Python', 'message_length': 37}
2025-09-17 18:24:00 | INFO | Sent message to Kafka topic 'project_json': {'message': 'I just shared Python! It was amazing.', 'author': 'Charlie', 'timestamp': '2025-09-17 18:24:00', 'category': 'tech', 'sentiment': 0.35, 'keyword_mentioned': 'Python', 'message_length': 37}
2025-09-17 18:24:05 | INFO | {'message': 'I just tried game! It was boring.', 'author': 'Bob', 'timestamp': '2025-09-17 18:24:05', 'category': 'gaming', 'sentiment': 0.14, 'keyword_mentioned': 'game', 'message_length': 33}
2025-09-17 18:24:05 | INFO | Sent message to Kafka topic 'project_json': {'message': 'I just tried game! It was boring.', 'author': 'Bob', 'timestamp': '2025-09-17 18:24:05', 'category': 'gaming', 'sentiment': 0.14, 'keyword_mentioned': 'game', 'message_length': 33}
2025-09-17 18:24:10 | INFO | {'message': 'I just tried a meme! It was weird.', 'author': 'Charlie', 'timestamp': '2025-09-17 18:24:10', 'category': 'humor', 'sentiment': 0.34, 'keyword_mentioned': 'meme', 'message_length': 34}
2025-09-17 18:24:10 | INFO | Sent message to Kafka topic 'project_json': {'message': 'I just tried a meme! It was weird.', 'author': 'Charlie', 'timestamp': '2025-09-17 18:24:10', 'category': 'humor', 'sentiment': 0.34, 'keyword_mentioned': 'meme', 'message_length': 34}
2025-09-17 18:24:15 | INFO | {'message': 'I just found Python! It was amazing.', 'author': 'Alice', 'timestamp': '2025-09-17 18:24:15', 'category': 'tech', 'sentiment': 0.81, 'keyword_mentioned': 'Python', 'message_length': 36}
2025-09-17 18:24:15 | INFO | Sent message to Kafka topic 'project_json': {'message': 'I just found Python! It was amazing.', 'author': 'Alice', 'timestamp': '2025-09-17 18:24:15', 'category': 'tech', 'sentiment': 0.81, 'keyword_mentioned': 'Python', 'message_length': 36}
2025-09-17 18:24:20 | INFO | {'message': 'I just loved JavaScript! It was amazing.', 'author': 'Alice', 'timestamp': '2025-09-17 18:24:20', 'category': 'tech', 'sentiment': 0.06, 'keyword_mentioned': 'JavaScript', 'message_length': 40}
2025-09-17 18:24:20 | INFO | Sent message to Kafka topic 'project_json': {'message': 'I just loved JavaScript! It was amazing.', 'author': 'Alice', 'timestamp': '2025-09-17 18:24:20', 'category': 'tech', 'sentiment': 0.06, 'keyword_mentioned': 'JavaScript', 'message_length': 40}
2025-09-17 18:24:23 | WARNING | Producer interrupted by user.
2025-09-17 18:24:23 | INFO | Kafka producer closed.
2025-09-17 18:24:23 | INFO | Producer shutting down.
2025-09-17 18:38:39 | INFO | Logging to file: logs/project_log.log
2025-09-17 18:38:39 | INFO | Log sanitization enabled, personal info removed
2025-09-17 18:38:39 | INFO | START producer...
2025-09-17 18:38:39 | INFO | Kafka producer connected to localhost:9092
2025-09-17 18:38:39 | INFO | {'message': 'I just shared a trick! It was boring.', 'author': 'Charlie', 'timestamp': '2025-09-17 18:38:39', 'category': 'other', 'sentiment': 0.79, 'keyword_mentioned': 'other', 'message_length': 37}
2025-09-17 18:38:39 | INFO | Sent message to Kafka topic 'project_json': {'message': 'I just shared a trick! It was boring.', 'author': 'Charlie', 'timestamp': '2025-09-17 18:38:39', 'category': 'other', 'sentiment': 0.79, 'keyword_mentioned': 'other', 'message_length': 37}
2025-09-17 18:38:44 | INFO | {'message': 'I just found a movie! It was funny.', 'author': 'Charlie', 'timestamp': '2025-09-17 18:38:44', 'category': 'entertainment', 'sentiment': 0.11, 'keyword_mentioned': 'movie', 'message_length': 35}
2025-09-17 18:38:44 | INFO | Sent message to Kafka topic 'project_json': {'message': 'I just found a movie! It was funny.', 'author': 'Charlie', 'timestamp': '2025-09-17 18:38:44', 'category': 'entertainment', 'sentiment': 0.11, 'keyword_mentioned': 'movie', 'message_length': 35}
2025-09-17 18:38:49 | INFO | {'message': 'I just saw a story! It was funny.', 'author': 'Alice', 'timestamp': '2025-09-17 18:38:49', 'category': 'other', 'sentiment': 0.88, 'keyword_mentioned': 'other', 'message_length': 33}
2025-09-17 18:38:49 | INFO | Sent message to Kafka topic 'project_json': {'message': 'I just saw a story! It was funny.', 'author': 'Alice', 'timestamp': '2025-09-17 18:38:49', 'category': 'other', 'sentiment': 0.88, 'keyword_mentioned': 'other', 'message_length': 33}
2025-09-17 18:38:50 | INFO | Logging to file: logs/project_log.log
2025-09-17 18:38:50 | INFO | Log sanitization enabled, personal info removed
2025-09-17 18:38:50 | INFO | Project root: PROJECT_ROOT
2025-09-17 18:38:50 | INFO | Data folder: PROJECT_ROOT/data
2025-09-17 18:38:50 | INFO | Data file: PROJECT_ROOT/data/project_live.json
2025-09-17 18:38:50 | INFO | START consumer.
2025-09-17 18:38:54 | INFO | {'message': 'I just shared a meme! It was weird.', 'author': 'Charlie', 'timestamp': '2025-09-17 18:38:54', 'category': 'humor', 'sentiment': 0.48, 'keyword_mentioned': 'meme', 'message_length': 35}
2025-09-17 18:38:54 | INFO | Sent message to Kafka topic 'project_json': {'message': 'I just shared a meme! It was weird.', 'author': 'Charlie', 'timestamp': '2025-09-17 18:38:54', 'category': 'humor', 'sentiment': 0.48, 'keyword_mentioned': 'meme', 'message_length': 35}
2025-09-17 18:38:54 | INFO | Message received from author: Charlie
2025-09-17 18:38:54 | INFO | Updated author counts: {'Charlie': 1}
